#
# There is insufficient memory for the Java Runtime Environment to continue.
# Native memory allocation (malloc) failed to allocate 1838736 bytes. Error detail: Chunk::new
# Possible reasons:
#   The system is out of physical RAM or swap space
#   This process is running with CompressedOops enabled, and the Java Heap may be blocking the growth of the native heap
# Possible solutions:
#   Reduce memory load on the system
#   Increase physical memory or swap space
#   Check if swap backing store is full
#   Decrease Java heap size (-Xmx/-Xms)
#   Decrease number of Java threads
#   Decrease Java thread stack sizes (-Xss)
#   Set larger code cache with -XX:ReservedCodeCacheSize=
#   JVM is running with Unscaled Compressed Oops mode in which the Java heap is
#     placed in the first 4GB address space. The Java Heap base address is the
#     maximum limit for the native heap growth. Please use -XX:HeapBaseMinAddress
#     to set the Java Heap base and to place the Java Heap above 4GB virtual address.
# This output file may be truncated or incomplete.
#
#  Out of Memory Error (arena.cpp:162), pid=15632, tid=3096
#
# JRE version: Java(TM) SE Runtime Environment (24.0.2+12) (build 24.0.2+12-54)
# Java VM: Java HotSpot(TM) 64-Bit Server VM (24.0.2+12-54, mixed mode, sharing, tiered, compressed oops, compressed class ptrs, g1 gc, windows-amd64)
# No core dump will be written. Minidumps are not enabled by default on client versions of Windows
#

---------------  S U M M A R Y ------------

Command Line: -Dfile.encoding=UTF-8 -Dstdout.encoding=UTF-8 -Dstderr.encoding=UTF-8 -XX:+ShowCodeDetailsInExceptionMessages com.alpha.FindRide.FindRideApplication

Host: Intel(R) Core(TM) i3-1005G1 CPU @ 1.20GHz, 4 cores, 7G,  Windows 11 , 64 bit Build 26100 (10.0.26100.7309)
Time: Thu Dec 11 18:59:46 2025 India Standard Time elapsed time: 83.560182 seconds (0d 0h 1m 23s)

---------------  T H R E A D  ---------------

Current thread (0x0000022d330da3c0):  JavaThread "C2 CompilerThread0" daemon [_thread_in_native, id=3096, stack(0x0000002dbe800000,0x0000002dbe900000) (1024K)]


Current CompileTask:
C2:83560 7211 %     4       java.util.Properties::load0 @ 29 (249 bytes)

Stack: [0x0000002dbe800000,0x0000002dbe900000]
Native frames: (J=compiled Java code, j=interpreted, Vv=VM code, C=native code)
V  [jvm.dll+0x730829]  (no source info available)
V  [jvm.dll+0x8d9da3]  (no source info available)
V  [jvm.dll+0x8dc28d]  (no source info available)
V  [jvm.dll+0x8dc903]  (no source info available)
V  [jvm.dll+0x2a9f56]  (no source info available)
V  [jvm.dll+0xced7f]  (no source info available)
V  [jvm.dll+0xcefdf]  (no source info available)
V  [jvm.dll+0x154c83]  (no source info available)
V  [jvm.dll+0x73604f]  (no source info available)
V  [jvm.dll+0x26f8dc]  (no source info available)
V  [jvm.dll+0x26e8ff]  (no source info available)
V  [jvm.dll+0x1e9c90]  (no source info available)
V  [jvm.dll+0x27e0cb]  (no source info available)
V  [jvm.dll+0x27c36a]  (no source info available)
V  [jvm.dll+0x42f396]  (no source info available)
V  [jvm.dll+0x87d9eb]  (no source info available)
V  [jvm.dll+0x72ef45]  (no source info available)
C  [ucrtbase.dll+0x37b0]  (no source info available)
C  [KERNEL32.DLL+0x2e8d7]  (no source info available)
C  [ntdll.dll+0x8c53c]  (no source info available)

Lock stack of current Java thread (top to bottom):


---------------  P R O C E S S  ---------------

Threads class SMR info:
_java_thread_list=0x0000022d7beca090, length=29, elements={
0x0000022d330cfd70, 0x0000022d330d11c0, 0x0000022d330d4620, 0x0000022d330d54a0,
0x0000022d330d7280, 0x0000022d330d7db0, 0x0000022d330da3c0, 0x0000022d3310d350,
0x0000022d33197c00, 0x0000022d3319c800, 0x0000022d7a014840, 0x0000022d7a014f90,
0x0000022d7a0156e0, 0x0000022d7a0140f0, 0x0000022d33d1ede0, 0x0000022d33d1d7f0,
0x0000022d33d1d0a0, 0x0000022d33d20b20, 0x0000022d33d21270, 0x0000022d33d1df40,
0x0000022d33d219c0, 0x0000022d33d1e690, 0x0000022d33d22fb0, 0x0000022d33d22860,
0x0000022d33d22110, 0x0000022d33d23700, 0x0000022d33d23e50, 0x0000022d79d3e400,
0x0000022d79d3f2a0
}

Java Threads: ( => current thread )
  0x0000022d330cfd70 JavaThread "Reference Handler"          daemon [_thread_blocked, id=8012, stack(0x0000002dbe200000,0x0000002dbe300000) (1024K)]
  0x0000022d330d11c0 JavaThread "Finalizer"                  daemon [_thread_blocked, id=12552, stack(0x0000002dbe300000,0x0000002dbe400000) (1024K)]
  0x0000022d330d4620 JavaThread "Signal Dispatcher"          daemon [_thread_blocked, id=10880, stack(0x0000002dbe400000,0x0000002dbe500000) (1024K)]
  0x0000022d330d54a0 JavaThread "Attach Listener"            daemon [_thread_blocked, id=12532, stack(0x0000002dbe500000,0x0000002dbe600000) (1024K)]
  0x0000022d330d7280 JavaThread "Service Thread"             daemon [_thread_blocked, id=16400, stack(0x0000002dbe600000,0x0000002dbe700000) (1024K)]
  0x0000022d330d7db0 JavaThread "Monitor Deflation Thread"   daemon [_thread_blocked, id=11848, stack(0x0000002dbe700000,0x0000002dbe800000) (1024K)]
=>0x0000022d330da3c0 JavaThread "C2 CompilerThread0"         daemon [_thread_in_native, id=3096, stack(0x0000002dbe800000,0x0000002dbe900000) (1024K)]
  0x0000022d3310d350 JavaThread "C1 CompilerThread0"         daemon [_thread_blocked, id=1376, stack(0x0000002dbe900000,0x0000002dbea00000) (1024K)]
  0x0000022d33197c00 JavaThread "Notification Thread"        daemon [_thread_blocked, id=16468, stack(0x0000002dbea00000,0x0000002dbeb00000) (1024K)]
  0x0000022d3319c800 JavaThread "Common-Cleaner"             daemon [_thread_blocked, id=15444, stack(0x0000002dbeb00000,0x0000002dbec00000) (1024K)]
  0x0000022d7a014840 JavaThread "Catalina-utility-1"                [_thread_blocked, id=15516, stack(0x0000002dbf200000,0x0000002dbf300000) (1024K)]
  0x0000022d7a014f90 JavaThread "Catalina-utility-2"                [_thread_blocked, id=4900, stack(0x0000002dbf300000,0x0000002dbf400000) (1024K)]
  0x0000022d7a0156e0 JavaThread "container-0"                       [_thread_blocked, id=4456, stack(0x0000002dbf400000,0x0000002dbf500000) (1024K)]
  0x0000022d7a0140f0 JavaThread "PostgreSQL-JDBC-Cleaner"    daemon [_thread_blocked, id=16776, stack(0x0000002dbf600000,0x0000002dbf700000) (1024K)]
  0x0000022d33d1ede0 JavaThread "HikariPool-1:housekeeper"   daemon [_thread_blocked, id=5772, stack(0x0000002dbf700000,0x0000002dbf800000) (1024K)]
  0x0000022d33d1d7f0 JavaThread "File Watcher"               daemon [_thread_blocked, id=15888, stack(0x0000002dbf900000,0x0000002dbfa00000) (1024K)]
  0x0000022d33d1d0a0 JavaThread "http-nio-8080-exec-1"       daemon [_thread_in_Java, id=17208, stack(0x0000002dbfa00000,0x0000002dbfb00000) (1024K)]
  0x0000022d33d20b20 JavaThread "http-nio-8080-exec-2"       daemon [_thread_blocked, id=3904, stack(0x0000002dbfb00000,0x0000002dbfc00000) (1024K)]
  0x0000022d33d21270 JavaThread "http-nio-8080-exec-3"       daemon [_thread_blocked, id=3500, stack(0x0000002dbfc00000,0x0000002dbfd00000) (1024K)]
  0x0000022d33d1df40 JavaThread "http-nio-8080-exec-4"       daemon [_thread_blocked, id=4896, stack(0x0000002dbfd00000,0x0000002dbfe00000) (1024K)]
  0x0000022d33d219c0 JavaThread "http-nio-8080-exec-5"       daemon [_thread_blocked, id=15192, stack(0x0000002dbfe00000,0x0000002dbff00000) (1024K)]
  0x0000022d33d1e690 JavaThread "http-nio-8080-exec-6"       daemon [_thread_blocked, id=17212, stack(0x0000002dbff00000,0x0000002dc0000000) (1024K)]
  0x0000022d33d22fb0 JavaThread "http-nio-8080-exec-7"       daemon [_thread_blocked, id=15016, stack(0x0000002dc0000000,0x0000002dc0100000) (1024K)]
  0x0000022d33d22860 JavaThread "http-nio-8080-exec-8"       daemon [_thread_blocked, id=16780, stack(0x0000002dc0100000,0x0000002dc0200000) (1024K)]
  0x0000022d33d22110 JavaThread "http-nio-8080-exec-9"       daemon [_thread_blocked, id=3028, stack(0x0000002dc0200000,0x0000002dc0300000) (1024K)]
  0x0000022d33d23700 JavaThread "http-nio-8080-exec-10"      daemon [_thread_blocked, id=3792, stack(0x0000002dc0300000,0x0000002dc0400000) (1024K)]
  0x0000022d33d23e50 JavaThread "http-nio-8080-Poller"       daemon [_thread_in_native, id=10596, stack(0x0000002dc0400000,0x0000002dc0500000) (1024K)]
  0x0000022d79d3e400 JavaThread "http-nio-8080-Acceptor"     daemon [_thread_in_native, id=17404, stack(0x0000002dc0500000,0x0000002dc0600000) (1024K)]
  0x0000022d79d3f2a0 JavaThread "DestroyJavaVM"                     [_thread_blocked, id=11428, stack(0x0000002dbda00000,0x0000002dbdb00000) (1024K)]
Total: 29

Other Threads:
  0x0000022d330bf4d0 VMThread "VM Thread"                           [id=17376, stack(0x0000002dbe100000,0x0000002dbe200000) (1024K)]
  0x0000022d330adb40 WatcherThread "VM Periodic Task Thread"        [id=5128, stack(0x0000002dbe000000,0x0000002dbe100000) (1024K)]
  0x0000022d16d2c070 WorkerThread "GC Thread#0"                     [id=15280, stack(0x0000002dbdb00000,0x0000002dbdc00000) (1024K)]
  0x0000022d7918d680 WorkerThread "GC Thread#1"                     [id=12436, stack(0x0000002dbef00000,0x0000002dbf000000) (1024K)]
  0x0000022d7918da30 WorkerThread "GC Thread#2"                     [id=10392, stack(0x0000002dbf000000,0x0000002dbf100000) (1024K)]
  0x0000022d7918dde0 WorkerThread "GC Thread#3"                     [id=9220, stack(0x0000002dbf100000,0x0000002dbf200000) (1024K)]
  0x0000022d16d403a0 ConcurrentGCThread "G1 Main Marker"            [id=10532, stack(0x0000002dbdc00000,0x0000002dbdd00000) (1024K)]
  0x0000022d16d42450 WorkerThread "G1 Conc#0"                       [id=13220, stack(0x0000002dbdd00000,0x0000002dbde00000) (1024K)]
  0x0000022d32f76180 ConcurrentGCThread "G1 Refine#0"               [id=17380, stack(0x0000002dbde00000,0x0000002dbdf00000) (1024K)]
  0x0000022d32f769b0 ConcurrentGCThread "G1 Service"                [id=11640, stack(0x0000002dbdf00000,0x0000002dbe000000) (1024K)]
Total: 10

Threads with active compile tasks:
C2 CompilerThread0  83703 7211 %     4       java.util.Properties::load0 @ 29 (249 bytes)
Total: 1

VM state: not at safepoint (normal execution)

VM Mutex/Monitor currently owned by a thread: None

Heap address: 0x0000000084e00000, size: 1970 MB, Compressed Oops mode: 32-bit

CDS archive(s) mapped at: [0x0000022d34000000-0x0000022d34d40000-0x0000022d34d40000), size 13893632, SharedBaseAddress: 0x0000022d34000000, ArchiveRelocationMode: 1.
Compressed class space mapped at: 0x0000022d35000000-0x0000022d75000000, reserved size: 1073741824
UseCompressedClassPointers 1, UseCompactObjectHeaders 0
Narrow klass pointer bits 32, Max shift 3
Narrow klass base: 0x0000022d34000000, Narrow klass shift: 0
Encoding Range: [0x0000022d34000000 - 0x0000022e34000000), (4294967296 bytes)
Klass Range:    [0x0000022d34000000 - 0x0000022d75000000), (1090519040 bytes)
Klass ID Range:  [8 - 1090519033) (1090519025)

GC Precious Log:
 CardTable entry size: 512
 Card Set container configuration: InlinePtr #cards 5 size 8 Array Of Cards #cards 10 size 36 Howl #buckets 4 coarsen threshold 1843 Howl Bitmap #cards 512 size 80 coarsen threshold 460 Card regions per heap region 1 cards per card region 2048
 CPUs: 4 total, 4 available
 Memory: 7879M
 Large Page Support: Disabled
 NUMA Support: Disabled
 Compressed Oops: Enabled (32-bit)
 Heap Region Size: 1M
 Heap Min Capacity: 8M
 Heap Initial Capacity: 124M
 Heap Max Capacity: 1970M
 Pre-touch: Disabled
 Parallel Workers: 4
 Concurrent Workers: 1
 Concurrent Refinement Workers: 4
 Periodic GC: Disabled

Heap:
 garbage-first heap   total reserved 2017280K, committed 70656K, used 43824K [0x0000000084e00000, 0x0000000100000000)
  region size 1024K, 12 young (12288K), 3 survivors (3072K)
 Metaspace       used 74420K, committed 75008K, reserved 1179648K
  class space    used 8640K, committed 8896K, reserved 1048576K

Heap Regions: E=young(eden), S=young(survivor), O=old, HS=humongous(starts), HC=humongous(continues), CS=collection set, F=free, TAMS=top-at-mark-start, PB=parsable bottom
|   0|0x0000000084e00000, 0x0000000084f00000, 0x0000000084f00000|100%|HS|  |TAMS 0x0000000084e00000| PB 0x0000000084e00000| Complete |  0
|   1|0x0000000084f00000, 0x0000000085000000, 0x0000000085000000|100%|HS|  |TAMS 0x0000000084f00000| PB 0x0000000084f00000| Complete |  0
|   2|0x0000000085000000, 0x0000000085100000, 0x0000000085100000|100%| O|  |TAMS 0x0000000085000000| PB 0x0000000085000000| Untracked |  0
|   3|0x0000000085100000, 0x0000000085200000, 0x0000000085200000|100%| O|  |TAMS 0x0000000085100000| PB 0x0000000085100000| Untracked |  0
|   4|0x0000000085200000, 0x0000000085300000, 0x0000000085300000|100%| O|  |TAMS 0x0000000085200000| PB 0x0000000085200000| Untracked |  0
|   5|0x0000000085300000, 0x0000000085400000, 0x0000000085400000|100%| O|  |TAMS 0x0000000085300000| PB 0x0000000085300000| Untracked |  0
|   6|0x0000000085400000, 0x0000000085500000, 0x0000000085500000|100%| O|  |TAMS 0x0000000085400000| PB 0x0000000085400000| Untracked |  0
|   7|0x0000000085500000, 0x0000000085600000, 0x0000000085600000|100%| O|  |TAMS 0x0000000085500000| PB 0x0000000085500000| Untracked |  0
|   8|0x0000000085600000, 0x0000000085700000, 0x0000000085700000|100%| O|  |TAMS 0x0000000085600000| PB 0x0000000085600000| Untracked |  0
|   9|0x0000000085700000, 0x0000000085800000, 0x0000000085800000|100%| O|  |TAMS 0x0000000085700000| PB 0x0000000085700000| Untracked |  0
|  10|0x0000000085800000, 0x0000000085900000, 0x0000000085900000|100%| O|  |TAMS 0x0000000085800000| PB 0x0000000085800000| Untracked |  0
|  11|0x0000000085900000, 0x0000000085a00000, 0x0000000085a00000|100%| O|  |TAMS 0x0000000085900000| PB 0x0000000085900000| Untracked |  0
|  12|0x0000000085a00000, 0x0000000085b00000, 0x0000000085b00000|100%| O|  |TAMS 0x0000000085a00000| PB 0x0000000085a00000| Untracked |  0
|  13|0x0000000085b00000, 0x0000000085c00000, 0x0000000085c00000|100%| O|  |TAMS 0x0000000085b00000| PB 0x0000000085b00000| Untracked |  0
|  14|0x0000000085c00000, 0x0000000085d00000, 0x0000000085d00000|100%| O|  |TAMS 0x0000000085c00000| PB 0x0000000085c00000| Untracked |  0
|  15|0x0000000085d00000, 0x0000000085e00000, 0x0000000085e00000|100%| O|  |TAMS 0x0000000085d00000| PB 0x0000000085d00000| Untracked |  0
|  16|0x0000000085e00000, 0x0000000085f00000, 0x0000000085f00000|100%| O|  |TAMS 0x0000000085e00000| PB 0x0000000085e00000| Untracked |  0
|  17|0x0000000085f00000, 0x0000000086000000, 0x0000000086000000|100%| O|  |TAMS 0x0000000085f00000| PB 0x0000000085f00000| Untracked |  0
|  18|0x0000000086000000, 0x0000000086100000, 0x0000000086100000|100%| O|  |TAMS 0x0000000086000000| PB 0x0000000086000000| Untracked |  0
|  19|0x0000000086100000, 0x0000000086200000, 0x0000000086200000|100%| O|  |TAMS 0x0000000086100000| PB 0x0000000086100000| Untracked |  0
|  20|0x0000000086200000, 0x0000000086300000, 0x0000000086300000|100%| O|  |TAMS 0x0000000086200000| PB 0x0000000086200000| Untracked |  0
|  21|0x0000000086300000, 0x0000000086400000, 0x0000000086400000|100%| O|  |TAMS 0x0000000086300000| PB 0x0000000086300000| Untracked |  0
|  22|0x0000000086400000, 0x0000000086400000, 0x0000000086500000|  0%| F|  |TAMS 0x0000000086400000| PB 0x0000000086400000| Untracked |  0
|  23|0x0000000086500000, 0x0000000086600000, 0x0000000086600000|100%| O|  |TAMS 0x0000000086500000| PB 0x0000000086500000| Untracked |  0
|  24|0x0000000086600000, 0x0000000086700000, 0x0000000086700000|100%| O|  |TAMS 0x0000000086600000| PB 0x0000000086600000| Untracked |  0
|  25|0x0000000086700000, 0x0000000086800000, 0x0000000086800000|100%| O|  |TAMS 0x0000000086700000| PB 0x0000000086700000| Untracked |  0
|  26|0x0000000086800000, 0x0000000086900000, 0x0000000086900000|100%| O|  |TAMS 0x0000000086800000| PB 0x0000000086800000| Untracked |  0
|  27|0x0000000086900000, 0x0000000086a00000, 0x0000000086a00000|100%| O|  |TAMS 0x0000000086900000| PB 0x0000000086900000| Untracked |  0
|  28|0x0000000086a00000, 0x0000000086b00000, 0x0000000086b00000|100%| O|  |TAMS 0x0000000086a00000| PB 0x0000000086a00000| Untracked |  0
|  29|0x0000000086b00000, 0x0000000086c00000, 0x0000000086c00000|100%| O|  |TAMS 0x0000000086b00000| PB 0x0000000086b00000| Untracked |  0
|  30|0x0000000086c00000, 0x0000000086d00000, 0x0000000086d00000|100%| O|  |TAMS 0x0000000086c00000| PB 0x0000000086c00000| Untracked |  0
|  31|0x0000000086d00000, 0x0000000086d46ed8, 0x0000000086e00000| 27%| O|  |TAMS 0x0000000086d00000| PB 0x0000000086d00000| Untracked |  0
|  32|0x0000000086e00000, 0x0000000086f00000, 0x0000000086f00000|100%| O|  |TAMS 0x0000000086e00000| PB 0x0000000086e00000| Untracked |  0
|  33|0x0000000086f00000, 0x0000000086f00000, 0x0000000087000000|  0%| F|  |TAMS 0x0000000086f00000| PB 0x0000000086f00000| Untracked |  0
|  34|0x0000000087000000, 0x0000000087085200, 0x0000000087100000| 52%| S|CS|TAMS 0x0000000087000000| PB 0x0000000087000000| Complete |  0
|  35|0x0000000087100000, 0x0000000087100000, 0x0000000087200000|  0%| F|  |TAMS 0x0000000087100000| PB 0x0000000087100000| Untracked |  0
|  36|0x0000000087200000, 0x0000000087300000, 0x0000000087300000|100%| S|CS|TAMS 0x0000000087200000| PB 0x0000000087200000| Complete |  0
|  37|0x0000000087300000, 0x0000000087300000, 0x0000000087400000|  0%| F|  |TAMS 0x0000000087300000| PB 0x0000000087300000| Untracked |  0
|  38|0x0000000087400000, 0x0000000087400000, 0x0000000087500000|  0%| F|  |TAMS 0x0000000087400000| PB 0x0000000087400000| Untracked |  0
|  39|0x0000000087500000, 0x0000000087600000, 0x0000000087600000|100%| S|CS|TAMS 0x0000000087500000| PB 0x0000000087500000| Complete |  0
|  40|0x0000000087600000, 0x0000000087600000, 0x0000000087700000|  0%| F|  |TAMS 0x0000000087600000| PB 0x0000000087600000| Untracked |  0
|  41|0x0000000087700000, 0x0000000087700000, 0x0000000087800000|  0%| F|  |TAMS 0x0000000087700000| PB 0x0000000087700000| Untracked |  0
|  42|0x0000000087800000, 0x0000000087800000, 0x0000000087900000|  0%| F|  |TAMS 0x0000000087800000| PB 0x0000000087800000| Untracked |  0
|  43|0x0000000087900000, 0x0000000087900000, 0x0000000087a00000|  0%| F|  |TAMS 0x0000000087900000| PB 0x0000000087900000| Untracked |  0
|  44|0x0000000087a00000, 0x0000000087a00000, 0x0000000087b00000|  0%| F|  |TAMS 0x0000000087a00000| PB 0x0000000087a00000| Untracked |  0
|  45|0x0000000087b00000, 0x0000000087b00000, 0x0000000087c00000|  0%| F|  |TAMS 0x0000000087b00000| PB 0x0000000087b00000| Untracked |  0
|  46|0x0000000087c00000, 0x0000000087c00000, 0x0000000087d00000|  0%| F|  |TAMS 0x0000000087c00000| PB 0x0000000087c00000| Untracked |  0
|  47|0x0000000087d00000, 0x0000000087d00000, 0x0000000087e00000|  0%| F|  |TAMS 0x0000000087d00000| PB 0x0000000087d00000| Untracked |  0
|  48|0x0000000087e00000, 0x0000000087e00000, 0x0000000087f00000|  0%| F|  |TAMS 0x0000000087e00000| PB 0x0000000087e00000| Untracked |  0
|  49|0x0000000087f00000, 0x0000000087f00000, 0x0000000088000000|  0%| F|  |TAMS 0x0000000087f00000| PB 0x0000000087f00000| Untracked |  0
|  50|0x0000000088000000, 0x0000000088000000, 0x0000000088100000|  0%| F|  |TAMS 0x0000000088000000| PB 0x0000000088000000| Untracked |  0
|  51|0x0000000088100000, 0x0000000088100000, 0x0000000088200000|  0%| F|  |TAMS 0x0000000088100000| PB 0x0000000088100000| Untracked |  0
|  52|0x0000000088200000, 0x0000000088200000, 0x0000000088300000|  0%| F|  |TAMS 0x0000000088200000| PB 0x0000000088200000| Untracked |  0
|  53|0x0000000088300000, 0x0000000088300000, 0x0000000088400000|  0%| F|  |TAMS 0x0000000088300000| PB 0x0000000088300000| Untracked |  0
|  54|0x0000000088400000, 0x0000000088400000, 0x0000000088500000|  0%| F|  |TAMS 0x0000000088400000| PB 0x0000000088400000| Untracked |  0
|  55|0x0000000088500000, 0x0000000088500000, 0x0000000088600000|  0%| F|  |TAMS 0x0000000088500000| PB 0x0000000088500000| Untracked |  0
|  56|0x0000000088600000, 0x0000000088600000, 0x0000000088700000|  0%| F|  |TAMS 0x0000000088600000| PB 0x0000000088600000| Untracked |  0
|  57|0x0000000088700000, 0x0000000088700000, 0x0000000088800000|  0%| F|  |TAMS 0x0000000088700000| PB 0x0000000088700000| Untracked |  0
|  58|0x0000000088800000, 0x0000000088800000, 0x0000000088900000|  0%| F|  |TAMS 0x0000000088800000| PB 0x0000000088800000| Untracked |  0
|  59|0x0000000088900000, 0x0000000088989a08, 0x0000000088a00000| 53%| E|  |TAMS 0x0000000088900000| PB 0x0000000088900000| Complete |  0
|  60|0x0000000088a00000, 0x0000000088b00000, 0x0000000088b00000|100%| E|CS|TAMS 0x0000000088a00000| PB 0x0000000088a00000| Complete |  0
|  61|0x0000000088b00000, 0x0000000088c00000, 0x0000000088c00000|100%| E|CS|TAMS 0x0000000088b00000| PB 0x0000000088b00000| Complete |  0
|  62|0x0000000088c00000, 0x0000000088d00000, 0x0000000088d00000|100%| E|CS|TAMS 0x0000000088c00000| PB 0x0000000088c00000| Complete |  0
|  63|0x0000000088d00000, 0x0000000088e00000, 0x0000000088e00000|100%| E|CS|TAMS 0x0000000088d00000| PB 0x0000000088d00000| Complete |  0
| 113|0x000000008bf00000, 0x000000008c000000, 0x000000008c000000|100%| E|CS|TAMS 0x000000008bf00000| PB 0x000000008bf00000| Complete |  0
| 114|0x000000008c000000, 0x000000008c100000, 0x000000008c100000|100%| E|CS|TAMS 0x000000008c000000| PB 0x000000008c000000| Complete |  0
| 123|0x000000008c900000, 0x000000008ca00000, 0x000000008ca00000|100%| E|CS|TAMS 0x000000008c900000| PB 0x000000008c900000| Complete |  0
|1968|0x00000000ffe00000, 0x00000000fff00000, 0x00000000fff00000|100%| O|  |TAMS 0x00000000ffe00000| PB 0x00000000ffe00000| Untracked |  0
|1969|0x00000000fff00000, 0x0000000100000000, 0x0000000100000000|100%| E|CS|TAMS 0x00000000fff00000| PB 0x00000000fff00000| Complete |  0

Card table byte_map: [0x0000022d2e950000,0x0000022d2ed30000] _byte_map_base: 0x0000022d2e529000

Marking Bits: (CMBitMap*) 0x0000022d16d2c690
 Bits: [0x0000022d2ed30000, 0x0000022d30bf8000)

Polling page: 0x0000022d16490000

Metaspace:

Usage:
  Non-class:     64.25 MB used.
      Class:      8.44 MB used.
       Both:     72.70 MB used.

Virtual space:
  Non-class space:      128.00 MB reserved,      64.56 MB ( 50%) committed,  2 nodes.
      Class space:        1.00 GB reserved,       8.69 MB ( <1%) committed,  1 nodes.
             Both:        1.12 GB reserved,      73.25 MB (  6%) committed. 

Chunk freelists:
   Non-Class:  15.31 MB
       Class:  7.12 MB
        Both:  22.44 MB

MaxMetaspaceSize: unlimited
CompressedClassSpaceSize: 1.00 GB
Initial GC threshold: 21.00 MB
Current GC threshold: 112.31 MB
CDS: on
 - commit_granule_bytes: 65536.
 - commit_granule_words: 8192.
 - virtual_space_node_default_size: 8388608.
 - enlarge_chunks_in_place: 1.
UseCompressedClassPointers 1, UseCompactObjectHeaders 0
Narrow klass pointer bits 32, Max shift 3
Narrow klass base: 0x0000022d34000000, Narrow klass shift: 0
Encoding Range: [0x0000022d34000000 - 0x0000022e34000000), (4294967296 bytes)
Klass Range:    [0x0000022d34000000 - 0x0000022d75000000), (1090519040 bytes)
Klass ID Range:  [8 - 1090519033) (1090519025)


Internal statistics:

num_allocs_failed_limit: 9.
num_arena_births: 748.
num_arena_deaths: 0.
num_vsnodes_births: 3.
num_vsnodes_deaths: 0.
num_space_committed: 1172.
num_space_uncommitted: 0.
num_chunks_returned_to_freelist: 9.
num_chunks_taken_from_freelist: 3432.
num_chunk_merges: 9.
num_chunk_splits: 2502.
num_chunks_enlarged: 2038.
num_inconsistent_stats: 0.

CodeHeap 'non-profiled nmethods': size=120064Kb used=3363Kb max_used=3363Kb free=116700Kb
 bounds [0x0000022d27030000, 0x0000022d27380000, 0x0000022d2e570000]
CodeHeap 'profiled nmethods': size=120000Kb used=9973Kb max_used=9973Kb free=110026Kb
 bounds [0x0000022d1f570000, 0x0000022d1ff30000, 0x0000022d26aa0000]
CodeHeap 'non-nmethods': size=5696Kb used=1747Kb max_used=1876Kb free=3948Kb
 bounds [0x0000022d26aa0000, 0x0000022d26d10000, 0x0000022d27030000]
CodeCache: size=245760Kb, used=15083Kb, max_used=15212Kb, free=230674Kb
 total_blobs=6996, nmethods=6273, adapters=626, full_count=0
Compilation: enabled, stopped_count=0, restarted_count=0

Compilation events (20 events):
Event: 74.604 Thread 0x0000022d3310d350 nmethod 7202 0x0000022d1ff1f888 code [0x0000022d1ff1fa00, 0x0000022d1ff200a0]
Event: 74.617 Thread 0x0000022d330da3c0 nmethod 7201 0x0000022d27377088 code [0x0000022d273771e0, 0x0000022d273778e0]
Event: 74.651 Thread 0x0000022d3310d350 7203       3       java.util.concurrent.locks.AbstractQueuedSynchronizer$ConditionNode::isReleasable (23 bytes)
Event: 74.651 Thread 0x0000022d3310d350 nmethod 7203 0x0000022d1ff20108 code [0x0000022d1ff20220, 0x0000022d1ff20460]
Event: 76.673 Thread 0x0000022d3310d350 7204       3       org.springframework.boot.devtools.filewatch.DirectorySnapshot::filter (72 bytes)
Event: 76.674 Thread 0x0000022d3310d350 nmethod 7204 0x0000022d1ff20488 code [0x0000022d1ff20660, 0x0000022d1ff20fe8]
Event: 82.370 Thread 0x0000022d3310d350 7206       3       java.util.concurrent.ScheduledThreadPoolExecutor$ScheduledFutureTask::getDelay (16 bytes)
Event: 82.370 Thread 0x0000022d3310d350 nmethod 7206 0x0000022d1ff21088 code [0x0000022d1ff211a0, 0x0000022d1ff213b0]
Event: 83.158 Thread 0x0000022d3310d350 7207       3       sun.nio.ch.IOStatus::okayToRetry (22 bytes)
Event: 83.159 Thread 0x0000022d3310d350 nmethod 7207 0x0000022d1ff21408 code [0x0000022d1ff21520, 0x0000022d1ff21698]
Event: 83.184 Thread 0x0000022d3310d350 7209       3       sun.invoke.util.Wrapper::forBasicType (103 bytes)
Event: 83.185 Thread 0x0000022d3310d350 nmethod 7209 0x0000022d1ff21708 code [0x0000022d1ff218a0, 0x0000022d1ff21d20]
Event: 83.227 Thread 0x0000022d3310d350 7210   !   3       java.util.concurrent.ConcurrentHashMap::putVal (432 bytes)
Event: 83.230 Thread 0x0000022d3310d350 nmethod 7210 0x0000022d1ff21d88 code [0x0000022d1ff22080, 0x0000022d1ff23b58]
Event: 83.231 Thread 0x0000022d330da3c0 7211 %     4       java.util.Properties::load0 @ 29 (249 bytes)
Event: 83.231 Thread 0x0000022d3310d350 7212       3       java.nio.CharBuffer::hasArray (20 bytes)
Event: 83.232 Thread 0x0000022d3310d350 nmethod 7212 0x0000022d1ff23b88 code [0x0000022d1ff23ca0, 0x0000022d1ff23e28]
Event: 83.232 Thread 0x0000022d3310d350 7213       3       java.nio.CharBuffer::array (35 bytes)
Event: 83.233 Thread 0x0000022d3310d350 nmethod 7213 0x0000022d1ff23e88 code [0x0000022d1ff23fc0, 0x0000022d1ff24280]
Event: 83.248 Thread 0x0000022d3310d350 7218       3       java.lang.invoke.InvokerBytecodeGenerator::<init> (148 bytes)

GC Heap History (20 events):
Event: 5.449 GC heap before
{Heap before GC invocations=7 (full 0):
 garbage-first heap   total reserved 2017280K, committed 58368K, used 29531K [0x0000000084e00000, 0x0000000100000000)
  region size 1024K, 10 young (10240K), 2 survivors (2048K)
 Metaspace       used 35738K, committed 36160K, reserved 1114112K
  class space    used 3783K, committed 3968K, reserved 1048576K
}
Event: 5.453 GC heap after
{Heap after GC invocations=8 (full 0):
 garbage-first heap   total reserved 2017280K, committed 58368K, used 22974K [0x0000000084e00000, 0x0000000100000000)
  region size 1024K, 3 young (3072K), 3 survivors (3072K)
 Metaspace       used 35738K, committed 36160K, reserved 1114112K
  class space    used 3783K, committed 3968K, reserved 1048576K
}
Event: 6.398 GC heap before
{Heap before GC invocations=9 (full 0):
 garbage-first heap   total reserved 2017280K, committed 58368K, used 47550K [0x0000000084e00000, 0x0000000100000000)
  region size 1024K, 27 young (27648K), 3 survivors (3072K)
 Metaspace       used 43348K, committed 43712K, reserved 1114112K
  class space    used 4587K, committed 4736K, reserved 1048576K
}
Event: 6.403 GC heap after
{Heap after GC invocations=10 (full 0):
 garbage-first heap   total reserved 2017280K, committed 58368K, used 24785K [0x0000000084e00000, 0x0000000100000000)
  region size 1024K, 3 young (3072K), 3 survivors (3072K)
 Metaspace       used 43348K, committed 43712K, reserved 1114112K
  class space    used 4587K, committed 4736K, reserved 1048576K
}
Event: 7.092 GC heap before
{Heap before GC invocations=10 (full 0):
 garbage-first heap   total reserved 2017280K, committed 58368K, used 47313K [0x0000000084e00000, 0x0000000100000000)
  region size 1024K, 26 young (26624K), 3 survivors (3072K)
 Metaspace       used 48674K, committed 49152K, reserved 1114112K
  class space    used 5106K, committed 5312K, reserved 1048576K
}
Event: 7.098 GC heap after
{Heap after GC invocations=11 (full 0):
 garbage-first heap   total reserved 2017280K, committed 58368K, used 26251K [0x0000000084e00000, 0x0000000100000000)
  region size 1024K, 4 young (4096K), 4 survivors (4096K)
 Metaspace       used 48674K, committed 49152K, reserved 1114112K
  class space    used 5106K, committed 5312K, reserved 1048576K
}
Event: 7.752 GC heap before
{Heap before GC invocations=11 (full 0):
 garbage-first heap   total reserved 2017280K, committed 58368K, used 47755K [0x0000000084e00000, 0x0000000100000000)
  region size 1024K, 26 young (26624K), 4 survivors (4096K)
 Metaspace       used 55881K, committed 56384K, reserved 1114112K
  class space    used 6031K, committed 6272K, reserved 1048576K
}
Event: 7.757 GC heap after
{Heap after GC invocations=12 (full 0):
 garbage-first heap   total reserved 2017280K, committed 58368K, used 27621K [0x0000000084e00000, 0x0000000100000000)
  region size 1024K, 3 young (3072K), 3 survivors (3072K)
 Metaspace       used 55881K, committed 56384K, reserved 1114112K
  class space    used 6031K, committed 6272K, reserved 1048576K
}
Event: 8.236 GC heap before
{Heap before GC invocations=12 (full 0):
 garbage-first heap   total reserved 2017280K, committed 58368K, used 45029K [0x0000000084e00000, 0x0000000100000000)
  region size 1024K, 22 young (22528K), 3 survivors (3072K)
 Metaspace       used 60263K, committed 60736K, reserved 1114112K
  class space    used 6514K, committed 6720K, reserved 1048576K
}
Event: 8.241 GC heap after
{Heap after GC invocations=13 (full 0):
 garbage-first heap   total reserved 2017280K, committed 58368K, used 28461K [0x0000000084e00000, 0x0000000100000000)
  region size 1024K, 3 young (3072K), 3 survivors (3072K)
 Metaspace       used 60263K, committed 60736K, reserved 1114112K
  class space    used 6514K, committed 6720K, reserved 1048576K
}
Event: 8.804 GC heap before
{Heap before GC invocations=14 (full 0):
 garbage-first heap   total reserved 2017280K, committed 58368K, used 49965K [0x0000000084e00000, 0x0000000100000000)
  region size 1024K, 24 young (24576K), 3 survivors (3072K)
 Metaspace       used 63163K, committed 63680K, reserved 1114112K
  class space    used 6816K, committed 7040K, reserved 1048576K
}
Event: 8.808 GC heap after
{Heap after GC invocations=15 (full 0):
 garbage-first heap   total reserved 2017280K, committed 58368K, used 30469K [0x0000000084e00000, 0x0000000100000000)
  region size 1024K, 3 young (3072K), 3 survivors (3072K)
 Metaspace       used 63163K, committed 63680K, reserved 1114112K
  class space    used 6816K, committed 7040K, reserved 1048576K
}
Event: 9.145 GC heap before
{Heap before GC invocations=15 (full 0):
 garbage-first heap   total reserved 2017280K, committed 58368K, used 49925K [0x0000000084e00000, 0x0000000100000000)
  region size 1024K, 23 young (23552K), 3 survivors (3072K)
 Metaspace       used 65838K, committed 66368K, reserved 1114112K
  class space    used 7341K, committed 7552K, reserved 1048576K
}
Event: 9.151 GC heap after
{Heap after GC invocations=16 (full 0):
 garbage-first heap   total reserved 2017280K, committed 58368K, used 31799K [0x0000000084e00000, 0x0000000100000000)
  region size 1024K, 2 young (2048K), 2 survivors (2048K)
 Metaspace       used 65838K, committed 66368K, reserved 1114112K
  class space    used 7341K, committed 7552K, reserved 1048576K
}
Event: 9.477 GC heap before
{Heap before GC invocations=16 (full 0):
 garbage-first heap   total reserved 2017280K, committed 58368K, used 50231K [0x0000000084e00000, 0x0000000100000000)
  region size 1024K, 21 young (21504K), 2 survivors (2048K)
 Metaspace       used 67918K, committed 68416K, reserved 1114112K
  class space    used 7786K, committed 8000K, reserved 1048576K
}
Event: 9.482 GC heap after
{Heap after GC invocations=17 (full 0):
 garbage-first heap   total reserved 2017280K, committed 58368K, used 33138K [0x0000000084e00000, 0x0000000100000000)
  region size 1024K, 3 young (3072K), 3 survivors (3072K)
 Metaspace       used 67918K, committed 68416K, reserved 1114112K
  class space    used 7786K, committed 8000K, reserved 1048576K
}
Event: 9.878 GC heap before
{Heap before GC invocations=18 (full 0):
 garbage-first heap   total reserved 2017280K, committed 58368K, used 49522K [0x0000000084e00000, 0x0000000100000000)
  region size 1024K, 20 young (20480K), 3 survivors (3072K)
 Metaspace       used 70891K, committed 71424K, reserved 1114112K
  class space    used 8234K, committed 8448K, reserved 1048576K
}
Event: 9.883 GC heap after
{Heap after GC invocations=19 (full 0):
 garbage-first heap   total reserved 2017280K, committed 58368K, used 34739K [0x0000000084e00000, 0x0000000100000000)
  region size 1024K, 3 young (3072K), 3 survivors (3072K)
 Metaspace       used 70891K, committed 71424K, reserved 1114112K
  class space    used 8234K, committed 8448K, reserved 1048576K
}
Event: 10.324 GC heap before
{Heap before GC invocations=19 (full 0):
 garbage-first heap   total reserved 2017280K, committed 58368K, used 51123K [0x0000000084e00000, 0x0000000100000000)
  region size 1024K, 19 young (19456K), 3 survivors (3072K)
 Metaspace       used 73146K, committed 73728K, reserved 1114112K
  class space    used 8496K, committed 8768K, reserved 1048576K
}
Event: 10.330 GC heap after
{Heap after GC invocations=20 (full 0):
 garbage-first heap   total reserved 2017280K, committed 70656K, used 35632K [0x0000000084e00000, 0x0000000100000000)
  region size 1024K, 3 young (3072K), 3 survivors (3072K)
 Metaspace       used 73146K, committed 73728K, reserved 1114112K
  class space    used 8496K, committed 8768K, reserved 1048576K
}

Dll operation events (10 events):
Event: 0.015 Loaded shared library C:\Program Files\Java\jdk-24\bin\java.dll
Event: 0.052 Loaded shared library C:\Program Files\Java\jdk-24\bin\jsvml.dll
Event: 0.200 Loaded shared library C:\Program Files\Java\jdk-24\bin\net.dll
Event: 0.203 Loaded shared library C:\Program Files\Java\jdk-24\bin\nio.dll
Event: 0.207 Loaded shared library C:\Program Files\Java\jdk-24\bin\zip.dll
Event: 0.393 Loaded shared library C:\Program Files\Java\jdk-24\bin\jimage.dll
Event: 0.818 Loaded shared library C:\Program Files\Java\jdk-24\bin\management.dll
Event: 0.820 Loaded shared library C:\Program Files\Java\jdk-24\bin\management_ext.dll
Event: 1.931 Loaded shared library C:\Program Files\Java\jdk-24\bin\sunmscapi.dll
Event: 5.973 Loaded shared library C:\Program Files\Java\jdk-24\bin\extnet.dll

Deoptimization events (20 events):
Event: 10.358 Thread 0x0000022d790aca70 Uncommon trap: trap_request=0xffffff4d fr.pc=0x0000022d271b3a1c relative=0x00000000000000fc
Event: 10.358 Thread 0x0000022d790aca70 Uncommon trap: reason=unstable_if action=reinterpret pc=0x0000022d271b3a1c method=java.util.ArrayList.indexOfRange(Ljava/lang/Object;II)I @ 7 c2
Event: 10.358 Thread 0x0000022d790aca70 DEOPT PACKING pc=0x0000022d271b3a1c sp=0x0000002dbeefea30
Event: 10.358 Thread 0x0000022d790aca70 DEOPT UNPACKING pc=0x0000022d26bc0682 sp=0x0000002dbeefe9b0 mode 2
Event: 37.360 Thread 0x0000022d7a014f90 Uncommon trap: trap_request=0xffffff4d fr.pc=0x0000022d271f0114 relative=0x00000000000000f4
Event: 37.360 Thread 0x0000022d7a014f90 Uncommon trap: reason=unstable_if action=reinterpret pc=0x0000022d271f0114 method=java.util.concurrent.locks.ReentrantLock$Sync.lock()V @ 4 c2
Event: 37.360 Thread 0x0000022d7a014f90 DEOPT PACKING pc=0x0000022d271f0114 sp=0x0000002dbf3ff4a0
Event: 37.360 Thread 0x0000022d7a014f90 DEOPT UNPACKING pc=0x0000022d26bc0682 sp=0x0000002dbf3ff3d0 mode 2
Event: 83.186 Thread 0x0000022d33d20b20 Uncommon trap: trap_request=0xffffffc6 fr.pc=0x0000022d270f1658 relative=0x0000000000000dd8
Event: 83.186 Thread 0x0000022d33d20b20 Uncommon trap: reason=bimorphic_or_optimized_type_check action=maybe_recompile pc=0x0000022d270f1658 method=java.util.concurrent.ConcurrentHashMap.putVal(Ljava/lang/Object;Ljava/lang/Object;Z)Ljava/lang/Object; @ 242 c2
Event: 83.186 Thread 0x0000022d33d20b20 DEOPT PACKING pc=0x0000022d270f1658 sp=0x0000002dbfbfe4b0
Event: 83.186 Thread 0x0000022d33d20b20 DEOPT UNPACKING pc=0x0000022d26bc0682 sp=0x0000002dbfbfe410 mode 2
Event: 83.186 Thread 0x0000022d33d20b20 Uncommon trap: trap_request=0xffffff54 fr.pc=0x0000022d271e5f40 relative=0x00000000000039c0
Event: 83.186 Thread 0x0000022d33d20b20 Uncommon trap: reason=speculate_null_assert action=make_not_entrant pc=0x0000022d271e5f40 method=jdk.internal.util.ReferencedKeyMap.internKey(Ljdk/internal/util/ReferencedKeyMap;Ljava/lang/Object;)Ljava/lang/Object; @ 28 c2
Event: 83.186 Thread 0x0000022d33d20b20 DEOPT PACKING pc=0x0000022d271e5f40 sp=0x0000002dbfbfe550
Event: 83.186 Thread 0x0000022d33d20b20 DEOPT UNPACKING pc=0x0000022d26bc0682 sp=0x0000002dbfbfe420 mode 2
Event: 83.202 Thread 0x0000022d33d1d0a0 Uncommon trap: trap_request=0xffffff4d fr.pc=0x0000022d270f1498 relative=0x0000000000000c18
Event: 83.202 Thread 0x0000022d33d1d0a0 Uncommon trap: reason=unstable_if action=reinterpret pc=0x0000022d270f1498 method=java.util.concurrent.ConcurrentHashMap.putVal(Ljava/lang/Object;Ljava/lang/Object;Z)Ljava/lang/Object; @ 97 c2
Event: 83.202 Thread 0x0000022d33d1d0a0 DEOPT PACKING pc=0x0000022d270f1498 sp=0x0000002dbfafe430
Event: 83.202 Thread 0x0000022d33d1d0a0 DEOPT UNPACKING pc=0x0000022d26bc0682 sp=0x0000002dbfafe3a8 mode 2

Classes loaded (20 events):
Event: 83.164 Loading class java/nio/channels/WritePendingException
Event: 83.165 Loading class java/nio/channels/WritePendingException done
Event: 83.178 Loading class java/util/concurrent/Semaphore
Event: 83.179 Loading class java/util/concurrent/Semaphore done
Event: 83.179 Loading class java/util/concurrent/Semaphore$NonfairSync
Event: 83.179 Loading class java/util/concurrent/Semaphore$Sync
Event: 83.179 Loading class java/util/concurrent/Semaphore$Sync done
Event: 83.179 Loading class java/util/concurrent/Semaphore$NonfairSync done
Event: 83.179 Loading class sun/nio/ch/SocketAdaptor
Event: 83.180 Loading class sun/nio/ch/SocketAdaptor done
Event: 83.181 Loading class sun/nio/ch/SocketChannelImpl$DefaultOptionsHolder
Event: 83.182 Loading class sun/nio/ch/SocketChannelImpl$DefaultOptionsHolder done
Event: 83.183 Loading class sun/nio/ch/SelectionKeyImpl
Event: 83.183 Loading class java/nio/channels/spi/AbstractSelectionKey
Event: 83.183 Loading class java/nio/channels/SelectionKey
Event: 83.183 Loading class java/nio/channels/SelectionKey done
Event: 83.183 Loading class java/nio/channels/spi/AbstractSelectionKey done
Event: 83.183 Loading class sun/nio/ch/SelectionKeyImpl done
Event: 83.183 Loading class java/lang/invoke/ConstantBootstraps
Event: 83.184 Loading class java/lang/invoke/ConstantBootstraps done

Classes unloaded (0 events):
No events

Classes redefined (0 events):
No events

Internal exceptions (20 events):
Event: 8.736 Thread 0x0000022d790aca70 Exception <a 'java/lang/NoSuchMethodError'{0x00000000875e6498}: 'void java.lang.invoke.Invokers$Holder.invokeExact_MT(java.lang.Object, java.lang.Object, java.lang.Object, java.lang.Object)'> (0x00000000875e6498) 
thrown [s\open\src\hotspot\share\interpreter\linkResolver.cpp, line 805]
Event: 8.827 Thread 0x0000022d790aca70 Exception <a 'java/lang/IncompatibleClassChangeError'{0x00000000fffdda98}: Found class java.lang.Object, but interface was expected> (0x00000000fffdda98) 
thrown [s\open\src\hotspot\share\interpreter\linkResolver.cpp, line 872]
Event: 8.857 Thread 0x0000022d790aca70 Exception <a 'java/lang/IncompatibleClassChangeError'{0x000000008c04e9c8}: Found class java.lang.Object, but interface was expected> (0x000000008c04e9c8) 
thrown [s\open\src\hotspot\share\interpreter\linkResolver.cpp, line 872]
Event: 8.869 Thread 0x0000022d790aca70 Exception <a 'java/lang/NoSuchMethodError'{0x000000008c0f4998}: 'java.lang.Object java.lang.invoke.DirectMethodHandle$Holder.invokeStatic(java.lang.Object, int, java.lang.Object, java.lang.Object)'> (0x000000008c0f4998) 
thrown [s\open\src\hotspot\share\interpreter\linkResolver.cpp, line 805]
Event: 8.869 Thread 0x0000022d790aca70 Exception <a 'java/lang/NoSuchMethodError'{0x000000008c0fd6d8}: 'java.lang.Object java.lang.invoke.DirectMethodHandle$Holder.invokeSpecial(java.lang.Object, java.lang.Object, int, java.lang.Object, java.lang.Object)'> (0x000000008c0fd6d8) 
thrown [s\open\src\hotspot\share\interpreter\linkResolver.cpp, line 805]
Event: 8.870 Thread 0x0000022d790aca70 Exception <a 'java/lang/NoSuchMethodError'{0x000000008bf06998}: 'java.lang.Object java.lang.invoke.DelegatingMethodHandle$Holder.delegate(java.lang.Object, int, java.lang.Object, java.lang.Object)'> (0x000000008bf06998) 
thrown [s\open\src\hotspot\share\interpreter\linkResolver.cpp, line 805]
Event: 8.872 Thread 0x0000022d790aca70 Exception <a 'java/lang/NoSuchMethodError'{0x000000008bf2a400}: 'int java.lang.invoke.Invokers$Holder.linkToTargetMethod(java.lang.Object, java.lang.Object, java.lang.Object)'> (0x000000008bf2a400) 
thrown [s\open\src\hotspot\share\interpreter\linkResolver.cpp, line 805]
Event: 9.720 Thread 0x0000022d790aca70 Exception <a 'java/lang/NoSuchMethodError'{0x0000000087abc0a0}: 'java.lang.Object java.lang.invoke.DirectMethodHandle$Holder.newInvokeSpecial(java.lang.Object, java.lang.Object, java.lang.Object, java.lang.Object, java.lang.Object, java.lang.Object, java.lang.Object, java.lang.Object, java.lang.Object, java.lang.Object, java.lang.Object)'> (0x0000000087abc0a0) 
thrown [s\open\src\hotspot\share\interpreter\linkResolver.cpp, line 805]
Event: 9.869 Thread 0x0000022d790aca70 Exception <a 'java/lang/NoSuchMethodError'{0x000000008756d788}: 'java.lang.Object java.lang.invoke.DirectMethodHandle$Holder.invokeVirtual(java.lang.Object, java.lang.Object, java.lang.Object, int)'> (0x000000008756d788) 
thrown [s\open\src\hotspot\share\interpreter\linkResolver.cpp, line 805]
Event: 9.913 Thread 0x0000022d790aca70 Exception <a 'java/lang/NoSuchMethodError'{0x000000008c96e380}: 'java.lang.Object java.lang.invoke.DirectMethodHandle$Holder.invokeVirtual(java.lang.Object, java.lang.Object, int)'> (0x000000008c96e380) 
thrown [s\open\src\hotspot\share\interpreter\linkResolver.cpp, line 805]
Event: 10.016 Thread 0x0000022d790aca70 Exception <a 'java/lang/IncompatibleClassChangeError'{0x000000008802e080}: Found class java.lang.Object, but interface was expected> (0x000000008802e080) 
thrown [s\open\src\hotspot\share\interpreter\linkResolver.cpp, line 872]
Event: 10.126 Thread 0x0000022d790aca70 Exception <a 'java/lang/NoSuchMethodError'{0x0000000087dddd20}: 'int java.lang.invoke.DirectMethodHandle$Holder.invokeStaticInit(java.lang.Object, java.lang.Object, java.lang.Object, java.lang.Object)'> (0x0000000087dddd20) 
thrown [s\open\src\hotspot\share\interpreter\linkResolver.cpp, line 805]
Event: 10.195 Thread 0x0000022d790aca70 Exception <a 'java/lang/IncompatibleClassChangeError'{0x0000000087a0a870}: Found class java.lang.Object, but interface was expected> (0x0000000087a0a870) 
thrown [s\open\src\hotspot\share\interpreter\linkResolver.cpp, line 872]
Event: 10.213 Thread 0x0000022d790aca70 Implicit null exception at 0x0000022d271740a2 to 0x0000022d2717419c
Event: 10.308 Thread 0x0000022d790aca70 Exception <a 'java/lang/NoSuchMethodError'{0x0000000087723a00}: 'java.lang.Object java.lang.invoke.DirectMethodHandle$Holder.newInvokeSpecial(java.lang.Object, java.lang.Object, int, java.lang.Object, java.lang.Object)'> (0x0000000087723a00) 
thrown [s\open\src\hotspot\share\interpreter\linkResolver.cpp, line 805]
Event: 83.175 Thread 0x0000022d79d3e400 Exception <a 'java/lang/NoSuchMethodError'{0x0000000088ca9ee0}: 'java.lang.Object java.lang.invoke.DirectMethodHandle$Holder.invokeStatic(java.lang.Object, java.lang.Object, java.lang.Object, int, int)'> (0x0000000088ca9ee0) 
thrown [s\open\src\hotspot\share\interpreter\linkResolver.cpp, line 805]
Event: 83.176 Thread 0x0000022d79d3e400 Exception <a 'java/lang/NoSuchMethodError'{0x0000000088cb1e30}: 'java.lang.Object java.lang.invoke.DirectMethodHandle$Holder.invokeStaticInit(java.lang.Object, java.lang.Object, java.lang.Object, int, int)'> (0x0000000088cb1e30) 
thrown [s\open\src\hotspot\share\interpreter\linkResolver.cpp, line 805]
Event: 83.248 Thread 0x0000022d33d20b20 Exception <a 'java/lang/NoSuchMethodError'{0x0000000088bbcea8}: 'java.lang.Object java.lang.invoke.DirectMethodHandle$Holder.invokeSpecial(java.lang.Object, java.lang.Object, java.lang.Object, java.lang.Object, java.lang.Object, long)'> (0x0000000088bbcea8) 
thrown [s\open\src\hotspot\share\interpreter\linkResolver.cpp, line 805]
Event: 83.248 Thread 0x0000022d33d20b20 Exception <a 'java/lang/NoSuchMethodError'{0x0000000088bc5a10}: 'java.lang.Object java.lang.invoke.DirectMethodHandle$Holder.invokeSpecial(java.lang.Object, java.lang.Object, java.lang.Object, java.lang.Object, java.lang.Object, java.lang.Object, long)'> (0x0000000088bc5a10) 
thrown [s\open\src\hotspot\share\interpreter\linkResolver.cpp, line 805]
Event: 83.249 Thread 0x0000022d33d20b20 Exception <a 'java/lang/NoSuchMethodError'{0x0000000088bcdd88}: 'java.lang.Object java.lang.invoke.DelegatingMethodHandle$Holder.reinvoke_L(java.lang.Object, java.lang.Object, java.lang.Object, java.lang.Object, java.lang.Object, long)'> (0x0000000088bcdd88) 
thrown [s\open\src\hotspot\share\interpreter\linkResolver.cpp, line 805]

VM Operations (20 events):
Event: 9.556 Executing VM operation: G1PauseCleanup
Event: 9.556 Executing VM operation: G1PauseCleanup done
Event: 9.878 Executing VM operation: G1CollectForAllocation (G1 Evacuation Pause)
Event: 9.883 Executing VM operation: G1CollectForAllocation (G1 Evacuation Pause) done
Event: 9.971 Executing VM operation: HandshakeAllThreads (Deoptimize)
Event: 9.971 Executing VM operation: HandshakeAllThreads (Deoptimize) done
Event: 9.972 Executing VM operation: HandshakeAllThreads (Deoptimize)
Event: 9.972 Executing VM operation: HandshakeAllThreads (Deoptimize) done
Event: 9.977 Executing VM operation: HandshakeAllThreads (Deoptimize)
Event: 9.977 Executing VM operation: HandshakeAllThreads (Deoptimize) done
Event: 10.094 Executing VM operation: HandshakeAllThreads (Deoptimize)
Event: 10.094 Executing VM operation: HandshakeAllThreads (Deoptimize) done
Event: 10.324 Executing VM operation: G1CollectForAllocation (G1 Evacuation Pause)
Event: 10.330 Executing VM operation: G1CollectForAllocation (G1 Evacuation Pause) done
Event: 60.174 Executing VM operation: HandshakeAllThreads (HandshakeForDeflation)
Event: 60.174 Executing VM operation: HandshakeAllThreads (HandshakeForDeflation) done
Event: 60.175 Executing VM operation: RendezvousGCThreads
Event: 60.175 Executing VM operation: RendezvousGCThreads done
Event: 83.181 Executing VM operation: HandshakeAllThreads (Deoptimize)
Event: 83.181 Executing VM operation: HandshakeAllThreads (Deoptimize) done

Memory protections (0 events):
No events

Nmethod flushes (20 events):
Event: 9.539 Thread 0x0000022d330bf4d0 flushing  nmethod 0x0000022d1f75f808
Event: 9.539 Thread 0x0000022d330bf4d0 flushing  nmethod 0x0000022d1f793e88
Event: 9.539 Thread 0x0000022d330bf4d0 flushing  nmethod 0x0000022d1f7dac88
Event: 9.539 Thread 0x0000022d330bf4d0 flushing  nmethod 0x0000022d1f815688
Event: 9.539 Thread 0x0000022d330bf4d0 flushing  nmethod 0x0000022d1f815c88
Event: 9.539 Thread 0x0000022d330bf4d0 flushing  nmethod 0x0000022d1f816008
Event: 9.539 Thread 0x0000022d330bf4d0 flushing  nmethod 0x0000022d1f823a88
Event: 9.539 Thread 0x0000022d330bf4d0 flushing  nmethod 0x0000022d1f871708
Event: 9.539 Thread 0x0000022d330bf4d0 flushing  nmethod 0x0000022d1f884f08
Event: 9.539 Thread 0x0000022d330bf4d0 flushing  nmethod 0x0000022d1f888488
Event: 9.539 Thread 0x0000022d330bf4d0 flushing  nmethod 0x0000022d1f8c5f08
Event: 9.539 Thread 0x0000022d330bf4d0 flushing  nmethod 0x0000022d1f8c6a08
Event: 9.539 Thread 0x0000022d330bf4d0 flushing  nmethod 0x0000022d1f9fd408
Event: 9.539 Thread 0x0000022d330bf4d0 flushing  nmethod 0x0000022d1fbc9688
Event: 9.539 Thread 0x0000022d330bf4d0 flushing  nmethod 0x0000022d1fc1e608
Event: 9.539 Thread 0x0000022d330bf4d0 flushing  nmethod 0x0000022d1fcecb88
Event: 9.539 Thread 0x0000022d330bf4d0 flushing  nmethod 0x0000022d1fd24f88
Event: 9.539 Thread 0x0000022d330bf4d0 flushing  nmethod 0x0000022d1fd59b08
Event: 9.539 Thread 0x0000022d330bf4d0 flushing  nmethod 0x0000022d1fda0a08
Event: 9.539 Thread 0x0000022d330bf4d0 flushing  nmethod 0x0000022d1fe6f888

Events (20 events):
Event: 6.442 Thread 0x0000022d33d1ede0 Thread added: 0x0000022d33d1fc80
Event: 10.254 Thread 0x0000022d790aca70 Thread added: 0x0000022d33d1d7f0
Event: 10.322 Thread 0x0000022d790aca70 Thread added: 0x0000022d33d1d0a0
Event: 10.322 Thread 0x0000022d790aca70 Thread added: 0x0000022d33d20b20
Event: 10.322 Thread 0x0000022d790aca70 Thread added: 0x0000022d33d21270
Event: 10.322 Thread 0x0000022d790aca70 Thread added: 0x0000022d33d1df40
Event: 10.322 Thread 0x0000022d790aca70 Thread added: 0x0000022d33d219c0
Event: 10.322 Thread 0x0000022d790aca70 Thread added: 0x0000022d33d1e690
Event: 10.322 Thread 0x0000022d790aca70 Thread added: 0x0000022d33d22fb0
Event: 10.322 Thread 0x0000022d790aca70 Thread added: 0x0000022d33d22860
Event: 10.322 Thread 0x0000022d790aca70 Thread added: 0x0000022d33d22110
Event: 10.323 Thread 0x0000022d790aca70 Thread added: 0x0000022d33d23700
Event: 10.346 Thread 0x0000022d790aca70 Thread added: 0x0000022d33d23e50
Event: 10.348 Thread 0x0000022d790aca70 Thread added: 0x0000022d79d3e400
Event: 10.373 Thread 0x0000022d790aca70 Thread exited: 0x0000022d790aca70
Event: 10.376 Thread 0x0000022d790a7c80 Thread exited: 0x0000022d790a7c80
Event: 10.377 Thread 0x0000022d16cd5730 Thread exited: 0x0000022d16cd5730
Event: 10.377 Thread 0x0000022d79d3f2a0 Thread added: 0x0000022d79d3f2a0
Event: 10.889 Thread 0x0000022d333368f0 Thread exited: 0x0000022d333368f0
Event: 12.473 Thread 0x0000022d33d1fc80 Thread exited: 0x0000022d33d1fc80


Dynamic libraries:
0x00007ff6abba0000 - 0x00007ff6abbb0000 	C:\Program Files\Java\jdk-24\bin\javaw.exe
0x00007fff9b4e0000 - 0x00007fff9b747000 	C:\WINDOWS\SYSTEM32\ntdll.dll
0x00007fff9a8b0000 - 0x00007fff9a979000 	C:\WINDOWS\System32\KERNEL32.DLL
0x00007fff988f0000 - 0x00007fff98cdf000 	C:\WINDOWS\System32\KERNELBASE.dll
0x00007fff99130000 - 0x00007fff9927b000 	C:\WINDOWS\System32\ucrtbase.dll
0x00007ffee90d0000 - 0x00007ffee90e6000 	C:\Program Files\Java\jdk-24\bin\jli.dll
0x00007ffee90b0000 - 0x00007ffee90cb000 	C:\Program Files\Java\jdk-24\bin\VCRUNTIME140.dll
0x00007fff9a3d0000 - 0x00007fff9a595000 	C:\WINDOWS\System32\USER32.dll
0x00007fff7ea40000 - 0x00007fff7ecd3000 	C:\WINDOWS\WinSxS\amd64_microsoft.windows.common-controls_6595b64144ccf1df_6.0.26100.7309_none_3e05feeae336a044\COMCTL32.dll
0x00007fff98630000 - 0x00007fff98657000 	C:\WINDOWS\System32\win32u.dll
0x00007fff9aab0000 - 0x00007fff9ab59000 	C:\WINDOWS\System32\msvcrt.dll
0x00007fff9a670000 - 0x00007fff9a69b000 	C:\WINDOWS\System32\GDI32.dll
0x00007fff987c0000 - 0x00007fff988ec000 	C:\WINDOWS\System32\gdi32full.dll
0x00007fff98710000 - 0x00007fff987b3000 	C:\WINDOWS\System32\msvcp_win.dll
0x00007fff9b460000 - 0x00007fff9b491000 	C:\WINDOWS\System32\IMM32.DLL
0x00007ffee90a0000 - 0x00007ffee90ac000 	C:\Program Files\Java\jdk-24\bin\vcruntime140_1.dll
0x00007ffee9010000 - 0x00007ffee909e000 	C:\Program Files\Java\jdk-24\bin\msvcp140.dll
0x00007ffee8260000 - 0x00007ffee9001000 	C:\Program Files\Java\jdk-24\bin\server\jvm.dll
0x00007fff9a1d0000 - 0x00007fff9a284000 	C:\WINDOWS\System32\ADVAPI32.dll
0x00007fff9abd0000 - 0x00007fff9ac76000 	C:\WINDOWS\System32\sechost.dll
0x00007fff9a990000 - 0x00007fff9aaa8000 	C:\WINDOWS\System32\RPCRT4.dll
0x00007fff9a830000 - 0x00007fff9a8a4000 	C:\WINDOWS\System32\WS2_32.dll
0x00007fff984b0000 - 0x00007fff9850e000 	C:\WINDOWS\SYSTEM32\POWRPROF.dll
0x00007fff8d520000 - 0x00007fff8d52b000 	C:\WINDOWS\SYSTEM32\VERSION.dll
0x00007fff85850000 - 0x00007fff85885000 	C:\WINDOWS\SYSTEM32\WINMM.dll
0x00007fff98490000 - 0x00007fff984a4000 	C:\WINDOWS\SYSTEM32\UMPDC.dll
0x00007fff973b0000 - 0x00007fff973cb000 	C:\WINDOWS\SYSTEM32\kernel.appcore.dll
0x00007ffee8250000 - 0x00007ffee825a000 	C:\Program Files\Java\jdk-24\bin\jimage.dll
0x00007fff95d00000 - 0x00007fff95f42000 	C:\WINDOWS\SYSTEM32\DBGHELP.DLL
0x00007fff9af20000 - 0x00007fff9b2a5000 	C:\WINDOWS\System32\combase.dll
0x00007fff99300000 - 0x00007fff993d6000 	C:\WINDOWS\System32\OLEAUT32.dll
0x00007fff7d390000 - 0x00007fff7d3cc000 	C:\WINDOWS\SYSTEM32\dbgcore.DLL
0x00007fff98660000 - 0x00007fff98705000 	C:\WINDOWS\System32\bcryptPrimitives.dll
0x00007ffee8230000 - 0x00007ffee824e000 	C:\Program Files\Java\jdk-24\bin\java.dll
0x00007fff9b2b0000 - 0x00007fff9b447000 	C:\WINDOWS\System32\ole32.dll
0x00007fff99a70000 - 0x00007fff9a1c3000 	C:\WINDOWS\System32\SHELL32.dll
0x00007fff98fc0000 - 0x00007fff9912a000 	C:\WINDOWS\System32\wintypes.dll
0x00007fff96210000 - 0x00007fff96a6e000 	C:\WINDOWS\SYSTEM32\windows.storage.dll
0x00007fff99870000 - 0x00007fff99965000 	C:\WINDOWS\System32\SHCORE.dll
0x00007fff9a290000 - 0x00007fff9a2f6000 	C:\WINDOWS\System32\shlwapi.dll
0x00007fff98550000 - 0x00007fff98579000 	C:\WINDOWS\SYSTEM32\profapi.dll
0x00007ffee78f0000 - 0x00007ffee79c7000 	C:\Program Files\Java\jdk-24\bin\jsvml.dll
0x00007ffee7220000 - 0x00007ffee7230000 	C:\Program Files\Java\jdk-24\bin\net.dll
0x00007fff97950000 - 0x00007fff979bb000 	C:\WINDOWS\system32\mswsock.dll
0x00007ffee7200000 - 0x00007ffee7216000 	C:\Program Files\Java\jdk-24\bin\nio.dll
0x00007ffee71e0000 - 0x00007ffee71f7000 	C:\Program Files\Java\jdk-24\bin\zip.dll
0x00007fff95130000 - 0x00007fff9513a000 	C:\Program Files\Java\jdk-24\bin\management.dll
0x00007fff93240000 - 0x00007fff9324b000 	C:\Program Files\Java\jdk-24\bin\management_ext.dll
0x00007fff9a300000 - 0x00007fff9a308000 	C:\WINDOWS\System32\PSAPI.DLL
0x00007fff02100000 - 0x00007fff0210e000 	C:\Program Files\Java\jdk-24\bin\sunmscapi.dll
0x00007fff98e40000 - 0x00007fff98fb7000 	C:\WINDOWS\System32\CRYPT32.dll
0x00007fff97e30000 - 0x00007fff97e60000 	C:\WINDOWS\SYSTEM32\ncrypt.dll
0x00007fff97de0000 - 0x00007fff97e1f000 	C:\WINDOWS\SYSTEM32\NTASN1.dll
0x00007fff97c10000 - 0x00007fff97c2b000 	C:\WINDOWS\SYSTEM32\CRYPTSP.dll
0x00007fff97310000 - 0x00007fff9734a000 	C:\WINDOWS\system32\rsaenh.dll
0x00007fff97a00000 - 0x00007fff97a2b000 	C:\WINDOWS\SYSTEM32\USERENV.dll
0x00007fff98520000 - 0x00007fff9854a000 	C:\WINDOWS\SYSTEM32\bcrypt.dll
0x00007fff97c30000 - 0x00007fff97c3c000 	C:\WINDOWS\SYSTEM32\CRYPTBASE.dll
0x00007fff96d90000 - 0x00007fff96dc4000 	C:\WINDOWS\SYSTEM32\IPHLPAPI.DLL
0x00007fff9a980000 - 0x00007fff9a98a000 	C:\WINDOWS\System32\NSI.dll
0x00007fff96e20000 - 0x00007fff96f4c000 	C:\WINDOWS\SYSTEM32\DNSAPI.dll
0x00007fff81280000 - 0x00007fff8128b000 	C:\Windows\System32\rasadhlp.dll
0x00007fff8ac00000 - 0x00007fff8ac86000 	C:\WINDOWS\System32\fwpuclnt.dll
0x00007fff7ece0000 - 0x00007fff7ece9000 	C:\Program Files\Java\jdk-24\bin\extnet.dll
0x00007fff0acd0000 - 0x00007fff0acd8000 	C:\WINDOWS\system32\wshunix.dll

JVMTI agents: none

dbghelp: loaded successfully - version: 4.0.5 - missing functions: none
symbol engine: initialized successfully - sym options: 0x614 - pdb path: .;C:\Program Files\Java\jdk-24\bin;C:\WINDOWS\SYSTEM32;C:\WINDOWS\WinSxS\amd64_microsoft.windows.common-controls_6595b64144ccf1df_6.0.26100.7309_none_3e05feeae336a044;C:\Program Files\Java\jdk-24\bin\server

VM Arguments:
jvm_args: -Dfile.encoding=UTF-8 -Dstdout.encoding=UTF-8 -Dstderr.encoding=UTF-8 -XX:+ShowCodeDetailsInExceptionMessages 
java_command: com.alpha.FindRide.FindRideApplication
java_class_path (initial): C:\Users\somae\Downloads\FindRide\target\classes;C:\Users\somae\.m2\repository\org\springframework\boot\spring-boot-starter-data-jpa\4.0.0\spring-boot-starter-data-jpa-4.0.0.jar;C:\Users\somae\.m2\repository\org\springframework\boot\spring-boot-starter\4.0.0\spring-boot-starter-4.0.0.jar;C:\Users\somae\.m2\repository\org\springframework\boot\spring-boot-starter-logging\4.0.0\spring-boot-starter-logging-4.0.0.jar;C:\Users\somae\.m2\repository\ch\qos\logback\logback-classic\1.5.21\logback-classic-1.5.21.jar;C:\Users\somae\.m2\repository\ch\qos\logback\logback-core\1.5.21\logback-core-1.5.21.jar;C:\Users\somae\.m2\repository\org\apache\logging\log4j\log4j-to-slf4j\2.25.2\log4j-to-slf4j-2.25.2.jar;C:\Users\somae\.m2\repository\org\apache\logging\log4j\log4j-api\2.25.2\log4j-api-2.25.2.jar;C:\Users\somae\.m2\repository\org\slf4j\jul-to-slf4j\2.0.17\jul-to-slf4j-2.0.17.jar;C:\Users\somae\.m2\repository\jakarta\annotation\jakarta.annotation-api\3.0.0\jakarta.annotation-api-3.0.0.jar;C:\Users\somae\.m2\repository\org\yaml\snakeyaml\2.5\snakeyaml-2.5.jar;C:\Users\somae\.m2\repository\org\springframework\boot\spring-boot-starter-jdbc\4.0.0\spring-boot-starter-jdbc-4.0.0.jar;C:\Users\somae\.m2\repository\com\zaxxer\HikariCP\7.0.2\HikariCP-7.0.2.jar;C:\Users\somae\.m2\repository\org\slf4j\slf4j-api\2.0.17\slf4j-api-2.0.17.jar;C:\Users\somae\.m2\repository\org\springframework\boot\spring-boot-data-jpa\4.0.0\spring-boot-data-jpa-4.0.0.jar;C:\Users\somae\.m2\repository\org\springframework\boot\spring-boot-data-commons\4.0.0\spring-boot-data-commons-4.0.0.jar;C:\Users\somae\.m2\repository\org\springframework\boot\spring-boot-persistence\4.0.0\spring-boot-persistence-4.0.0.jar;C:\Users\somae\.m2\repository\org\springframework\data\spring-data-commons\4.0.0\spring-data-commons-4.0.0.jar;C:\Users\somae\.m2\repository\org\springframework\boot\spring-boot-hibernate\4.0.0\spring-boot-hibernate-4.0.0.jar;C:\Users\somae\.m2\repository\org\springframework\boot\spring-boot-jpa\4.0.0\spring-boot-jpa-4.0.0.jar;C:\Users\somae\.m2\repository\jakarta\persistence\jakarta.persistence-api\3.2.0\jakarta.persistence-api-3.2.0.jar;C:\Users\somae\.m2\repository\org\hibernate\orm\hibernate-core\7.1.8.Final\hibernate-core-7.1.8.Final.jar;C:\Users\somae\.m2\repository\jakarta\transaction\jakarta.transaction-api\2.0.1\jakarta.transaction-api-2.0.1.jar;C:\Users\somae\.m2\repository\org\jboss\logging\jboss-logging\3.6.1.Final\jboss-logging-3.6.1.Final.jar;C:\Users\somae\.m2\repository\org\hibernate\models\hibernate-models\1.0.1\hibernate-models-1.0.1.jar;C:\Users\somae\.m2\repository\com\fasterxml\classmate\1.7.1\classmate-1.7.1.jar;C:\Users\somae\.m2\repository\org\glassfish\jaxb\jaxb-runtime\4.0.6\jaxb-runtime-4.0.6.jar;C:\Users\somae\.m2\repository\org\glassfish\jaxb\jaxb-core\4.0.6\jaxb-core-4.0.6.jar;C:\Users\somae\.m2\repository\org\eclipse\angus\angus-activation\2.0.3\angus-activation-2.0.3.jar;C:\Users\somae\.m2\repository\org\glassfish\jaxb\txw2\4.0.6\txw2-4.0.6.jar;C:\Users\somae\.m2\repository\com\sun\istack\istack-commons-runtime\4.1.2\istack-commons-runtime-4.1.2.jar;C:\Users\somae\.m2\repository\jakarta\inject\jakarta.inject-api\2.0.1\jakarta.inject-api-2.0.1.jar;C:\Users\somae\.m2\repository\org\springframework\spring-orm\7.0.1\spring-orm-7.0.1.jar;C:\Users\somae\.m2\repository\org\springframework\data\spring-data-jpa\4.0.0\spring-data-jpa-4.0.0.jar;C:\Users\somae\.m2\repository\org\springframework\spring-aop\7.0.1\spring-aop-7.0.1.jar;C:\Users\somae\.m2\repository\org\springframework\spring-tx\7.0.1\spring-tx-7.0.1.jar;C:\Users\somae\.m2\repository\org\springframework\spring-beans\7.0.1\spring-beans-7.0.1.jar;C:\Users\somae\.m2\repository\org\antlr\antlr4-runtime\4.13.2\antlr4-runtime-4.13.2.jar;C:\Users\somae\.m2\repository\org\springframework\spring-aspects\7.0.1\spring-aspects-7.0.1.jar;C:\Users\somae\.m2\repository\org\aspectj\aspectjweaver\1.9.25\aspectjweaver-1.9.25.jar;C:\Users\somae\.m2\repository\org\springframework\boot\spring-boot-jdbc\4.0.0\spring-boot-jdbc-4.0.0.jar;C:\Users\somae\.m2\repository\org\springframework\boot\spring-boot-sql\4.0.0\spring-boot-sql-4.0.0.jar;C:\Users\somae\.m2\repository\org\springframework\boot\spring-boot-transaction\4.0.0\spring-boot-transaction-4.0.0.jar;C:\Users\somae\.m2\repository\org\springframework\spring-jdbc\7.0.1\spring-jdbc-7.0.1.jar;C:\Users\somae\.m2\repository\org\springframework\boot\spring-boot-starter-webmvc\4.0.0\spring-boot-starter-webmvc-4.0.0.jar;C:\Users\somae\.m2\repository\org\springframework\boot\spring-boot-starter-jackson\4.0.0\spring-boot-starter-jackson-4.0.0.jar;C:\Users\somae\.m2\repository\org\springframework\boot\spring-boot-jackson\4.0.0\spring-boot-jackson-4.0.0.jar;C:\Users\somae\.m2\repository\tools\jackson\core\jackson-databind\3.0.2\jackson-databind-3.0.2.jar;C:\Users\somae\.m2\repository\com\fasterxml\jackson\core\jackson-annotations\2.20\jackson-annotations-2.20.jar;C:\Users\somae\.m2\repository\tools\jackson\core\jackson-core\3.0.2\jackson-core-3.0.2.jar;C:\Users\somae\.m2\repository\org\springframework\boot\spring-boot-starter-tomcat\4.0.0\spring-boot-starter-tomcat-4.0.0.jar;C:\Users\somae\.m2\repository\org\springframework\boot\spring-boot-starter-tomcat-runtime\4.0.0\spring-boot-starter-tomcat-runtime-4.0.0.jar;C:\Users\somae\.m2\repository\org\apache\tomcat\embed\tomcat-embed-core\11.0.14\tomcat-embed-core-11.0.14.jar;C:\Users\somae\.m2\repository\org\apache\tomcat\embed\tomcat-embed-el\11.0.14\tomcat-embed-el-11.0.14.jar;C:\Users\somae\.m2\repository\org\apache\tomcat\embed\tomcat-embed-websocket\11.0.14\tomcat-embed-websocket-11.0.14.jar;C:\Users\somae\.m2\repository\org\springframework\boot\spring-boot-tomcat\4.0.0\spring-boot-tomcat-4.0.0.jar;C:\Users\somae\.m2\repository\org\springframework\boot\spring-boot-http-converter\4.0.0\spring-boot-http-converter-4.0.0.jar;C:\Users\somae\.m2\repository\org\springframework\spring-web\7.0.1\spring-web-7.0.1.jar;C:\Users\somae\.m2\repository\io\micrometer\micrometer-observation\1.16.0\micrometer-observation-1.16.0.jar;C:\Users\somae\.m2\repository\io\micrometer\micrometer-commons\1.16.0\micrometer-commons-1.16.0.jar;C:\Users\somae\.m2\repository\org\springframework\boot\spring-boot-webmvc\4.0.0\spring-boot-webmvc-4.0.0.jar;C:\Users\somae\.m2\repository\org\springframework\boot\spring-boot-servlet\4.0.0\spring-boot-servlet-4.0.0.jar;C:\Users\somae\.m2\repository\org\springframework\spring-webmvc\7.0.1\spring-webmvc-7.0.1.jar;C:\Users\somae\.m2\repository\org\springframework\spring-expression\7.0.1\spring-expression-7.0.1.jar;C:\Users\somae\.m2\repository\org\springframework\boot\spring-boot-devtools\4.0.0\spring-boot-devtools-4.0.0.jar;C:\Users\somae\.m2\repository\org\springframework\boot\spring-boot\4.0.0\spring-boot-4.0.0.jar;C:\Users\somae\.m2\repository\org\springframework\spring-core\7.0.1\spring-core-7.0.1.jar;C:\Users\somae\.m2\repository\commons-logging\commons-logging\1.3.5\commons-logging-1.3.5.jar;C:\Users\somae\.m2\repository\org\jspecify\jspecify\1.0.0\jspecify-1.0.0.jar;C:\Users\somae\.m2\repository\org\springframework\spring-context\7.0.1\spring-context-7.0.1.jar;C:\Users\somae\.m2\repository\org\springframework\boot\spring-boot-autoconfigure\4.0.0\spring-boot-autoconfigure-4.0.0.jar;C:\Users\somae\.m2\repository\org\postgresql\postgresql\42.7.8\postgresql-42.7.8.jar;C:\Users\somae\.m2\repository\org\checkerframework\checker-qual\3.49.5\checker-qual-3.49.5.jar;C:\Users\somae\.m2\repository\jakarta\xml\bind\jakarta.xml.bind-api\4.0.4\jakarta.xml.bind-api-4.0.4.jar;C:\Users\somae\.m2\repository\jakarta\activation\jakarta.activation-api\2.1.4\jakarta.activation-api-2.1.4.jar;C:\Users\somae\.m2\repository\net\bytebuddy\byte-buddy\1.17.8\byte-buddy-1.17.8.jar;C:\Users\somae\.m2\repository\org\springframework\boot\spring-boot-web-server\4.0.0\spring-boot-web-server-4.0.0.jar
Launcher Type: SUN_STANDARD

[Global flags]
     intx CICompilerCount                          = 3                                         {product} {ergonomic}
     uint ConcGCThreads                            = 1                                         {product} {ergonomic}
     uint G1ConcRefinementThreads                  = 4                                         {product} {ergonomic}
   size_t G1HeapRegionSize                         = 1048576                                   {product} {ergonomic}
   size_t InitialHeapSize                          = 130023424                                 {product} {ergonomic}
   size_t MarkStackSize                            = 4194304                                   {product} {ergonomic}
   size_t MarkStackSizeMax                         = 536870912                                 {product} {ergonomic}
   size_t MaxHeapSize                              = 2065694720                                {product} {ergonomic}
   size_t MaxNewSize                               = 1239416832                                {product} {ergonomic}
   size_t MinHeapDeltaBytes                        = 1048576                                   {product} {ergonomic}
   size_t MinHeapSize                              = 8388608                                   {product} {ergonomic}
    uintx NonNMethodCodeHeapSize                   = 5832704                                {pd product} {ergonomic}
    uintx NonProfiledCodeHeapSize                  = 122945536                              {pd product} {ergonomic}
    uintx ProfiledCodeHeapSize                     = 122880000                              {pd product} {ergonomic}
    uintx ReservedCodeCacheSize                    = 251658240                              {pd product} {ergonomic}
     bool SegmentedCodeCache                       = true                                      {product} {ergonomic}
     bool ShowCodeDetailsInExceptionMessages       = true                                   {manageable} {command line}
   size_t SoftMaxHeapSize                          = 2065694720                             {manageable} {ergonomic}
     bool UseCompressedOops                        = true                           {product lp64_product} {ergonomic}
     bool UseG1GC                                  = true                                      {product} {ergonomic}
     bool UseLargePagesIndividualAllocation        = false                                  {pd product} {ergonomic}

Logging:
Log output configuration:
 #0: stdout all=warning uptime,level,tags foldmultilines=false
 #1: stderr all=off uptime,level,tags foldmultilines=false

Environment Variables:
PATH=C:\oracle\product\10.2.0\db_1\bin;C:\Program Files\Common Files\Oracle\Java\javapath;C:\WINDOWS\system32;C:\WINDOWS;C:\WINDOWS\System32\Wbem;C:\WINDOWS\System32\WindowsPowerShell\v1.0\;C:\WINDOWS\System32\OpenSSH\;C:\MinGW\bin;C:\Program Files\MATLAB\R2023a\runtime\win64;C:\Program Files\MATLAB\R2023a\bin;C:\Program Files\dotnet\;C:\Program Files\Git\cmd;C:\Program Files\MySQL\MySQL Server 8.0\bin;C:\Program Files\nodejs\;C:\Program Files\Cloudflare\Cloudflare WARP\;C:\Program Files\MySQL\MySQL Shell 8.0\bin\;C:\Users\somae\AppData\Local\Programs\Python\Python310\Scripts\;C:\Users\somae\AppData\Local\Programs\Python\Python310\;C:\Users\somae\AppData\Local\Microsoft\WindowsApps;C:\Program Files\Java\jdk-20\bin;C:\Program Files\sf\bin;C:\Users\somae\AppData\Local\Programs\Microsoft VS Code\bin;C:\ProgramData\Microsoft\Windows\Start Menu\Programs\MySQL;C:\Users\somae\AppData\Roaming\npm;
USERNAME=CHARAN CHERRY
OS=Windows_NT
PROCESSOR_IDENTIFIER=Intel64 Family 6 Model 126 Stepping 5, GenuineIntel
TMP=C:\Users\somae\AppData\Local\Temp
TEMP=C:\Users\somae\AppData\Local\Temp




Periodic native trim disabled

---------------  S Y S T E M  ---------------

OS:
 Windows 11 , 64 bit Build 26100 (10.0.26100.7309)
OS uptime: 0 days 1:26 hours
Hyper-V role detected

CPU: total 4 (initial active 4) (2 cores per cpu, 2 threads per core) family 6 model 126 stepping 5 microcode 0xbc, cx8, cmov, fxsr, ht, mmx, 3dnowpref, sse, sse2, sse3, ssse3, sse4.1, sse4.2, popcnt, lzcnt, tsc, tscinvbit, avx, avx2, aes, erms, clmul, bmi1, bmi2, adx, avx512f, avx512dq, avx512cd, avx512bw, avx512vl, sha, fma, vzeroupper, avx512_vpopcntdq, avx512_vpclmulqdq, avx512_vaes, avx512_vnni, clflush, clflushopt, avx512_vbmi2, avx512_vbmi, hv, rdtscp, rdpid, fsrm, gfni, avx512_bitalg, f16c, avx512_ifma
Processor Information for processor 0
  Max Mhz: 1201, Current Mhz: 1200, Mhz Limit: 1188
Processor Information for processor 1
  Max Mhz: 1201, Current Mhz: 1200, Mhz Limit: 1188
Processor Information for processor 2
  Max Mhz: 1201, Current Mhz: 1200, Mhz Limit: 1188
Processor Information for processor 3
  Max Mhz: 1201, Current Mhz: 1000, Mhz Limit: 1188

Memory: 4k page, system-wide physical 7879M (846M free)
TotalPageFile size 11717M (AvailPageFile size 19M)
current process WorkingSet (physical memory assigned to process): 216M, peak: 261M
current process commit charge ("private bytes"): 264M, peak: 313M

vm_info: Java HotSpot(TM) 64-Bit Server VM (24.0.2+12-54) for windows-amd64 JRE (24.0.2+12-54), built on 2025-07-08T12:10:27Z with MS VC++ 17.6 (VS2022)

END.
