#
# There is insufficient memory for the Java Runtime Environment to continue.
# Native memory allocation (malloc) failed to allocate 270416 bytes. Error detail: Chunk::new
# Possible reasons:
#   The system is out of physical RAM or swap space
#   This process is running with CompressedOops enabled, and the Java Heap may be blocking the growth of the native heap
# Possible solutions:
#   Reduce memory load on the system
#   Increase physical memory or swap space
#   Check if swap backing store is full
#   Decrease Java heap size (-Xmx/-Xms)
#   Decrease number of Java threads
#   Decrease Java thread stack sizes (-Xss)
#   Set larger code cache with -XX:ReservedCodeCacheSize=
#   JVM is running with Unscaled Compressed Oops mode in which the Java heap is
#     placed in the first 4GB address space. The Java Heap base address is the
#     maximum limit for the native heap growth. Please use -XX:HeapBaseMinAddress
#     to set the Java Heap base and to place the Java Heap above 4GB virtual address.
# This output file may be truncated or incomplete.
#
#  Out of Memory Error (arena.cpp:162), pid=10736, tid=17844
#
# JRE version: Java(TM) SE Runtime Environment (24.0.2+12) (build 24.0.2+12-54)
# Java VM: Java HotSpot(TM) 64-Bit Server VM (24.0.2+12-54, mixed mode, sharing, tiered, compressed oops, compressed class ptrs, g1 gc, windows-amd64)
# No core dump will be written. Minidumps are not enabled by default on client versions of Windows
#

---------------  S U M M A R Y ------------

Command Line: -Dfile.encoding=UTF-8 -Dstdout.encoding=UTF-8 -Dstderr.encoding=UTF-8 -XX:+ShowCodeDetailsInExceptionMessages com.alpha.FindRide.FindRideApplication

Host: Intel(R) Core(TM) i3-1005G1 CPU @ 1.20GHz, 4 cores, 7G,  Windows 11 , 64 bit Build 26100 (10.0.26100.7309)
Time: Thu Dec 11 10:06:10 2025 India Standard Time elapsed time: 0.873851 seconds (0d 0h 0m 0s)

---------------  T H R E A D  ---------------

Current thread (0x00000295cd047f50):  JavaThread "C2 CompilerThread0" daemon [_thread_in_native, id=17844, stack(0x000000ddd6200000,0x000000ddd6300000) (1024K)]


Current CompileTask:
C2:873  513       4       jdk.internal.jimage.ImageStringsReader::unmaskedHashCode (166 bytes)

Stack: [0x000000ddd6200000,0x000000ddd6300000]
Native frames: (J=compiled Java code, j=interpreted, Vv=VM code, C=native code)
V  [jvm.dll+0x730829]  (no source info available)
V  [jvm.dll+0x8d9da3]  (no source info available)
V  [jvm.dll+0x8dc28d]  (no source info available)
V  [jvm.dll+0x8dc903]  (no source info available)
V  [jvm.dll+0x2a9f56]  (no source info available)
V  [jvm.dll+0xced7f]  (no source info available)
V  [jvm.dll+0xcefdf]  (no source info available)
V  [jvm.dll+0x154c83]  (no source info available)
V  [jvm.dll+0x73604f]  (no source info available)
V  [jvm.dll+0x26f8dc]  (no source info available)
V  [jvm.dll+0x26e8ff]  (no source info available)
V  [jvm.dll+0x1e9c90]  (no source info available)
V  [jvm.dll+0x27e0cb]  (no source info available)
V  [jvm.dll+0x27c36a]  (no source info available)
V  [jvm.dll+0x42f396]  (no source info available)
V  [jvm.dll+0x87d9eb]  (no source info available)
V  [jvm.dll+0x72ef45]  (no source info available)
C  [ucrtbase.dll+0x37b0]  (no source info available)
C  [KERNEL32.DLL+0x2e8d7]  (no source info available)
C  [ntdll.dll+0x8c53c]  (no source info available)

Lock stack of current Java thread (top to bottom):


---------------  P R O C E S S  ---------------

Threads class SMR info:
_java_thread_list=0x00000295cd8b33b0, length=11, elements={
0x00000295aea1c210, 0x00000295cd03ea00, 0x00000295cd03f620, 0x00000295cd044ba0,
0x00000295cd0457c0, 0x00000295cd0463e0, 0x00000295cd047000, 0x00000295cd047f50,
0x00000295cd05d490, 0x00000295cd1ffa30, 0x00000295cd218c30
}

Java Threads: ( => current thread )
  0x00000295aea1c210 JavaThread "main"                              [_thread_in_Java, id=18252, stack(0x000000ddd5400000,0x000000ddd5500000) (1024K)]
  0x00000295cd03ea00 JavaThread "Reference Handler"          daemon [_thread_blocked, id=16492, stack(0x000000ddd5c00000,0x000000ddd5d00000) (1024K)]
  0x00000295cd03f620 JavaThread "Finalizer"                  daemon [_thread_blocked, id=16860, stack(0x000000ddd5d00000,0x000000ddd5e00000) (1024K)]
  0x00000295cd044ba0 JavaThread "Signal Dispatcher"          daemon [_thread_blocked, id=14904, stack(0x000000ddd5e00000,0x000000ddd5f00000) (1024K)]
  0x00000295cd0457c0 JavaThread "Attach Listener"            daemon [_thread_blocked, id=18048, stack(0x000000ddd5f00000,0x000000ddd6000000) (1024K)]
  0x00000295cd0463e0 JavaThread "Service Thread"             daemon [_thread_blocked, id=18052, stack(0x000000ddd6000000,0x000000ddd6100000) (1024K)]
  0x00000295cd047000 JavaThread "Monitor Deflation Thread"   daemon [_thread_blocked, id=17808, stack(0x000000ddd6100000,0x000000ddd6200000) (1024K)]
=>0x00000295cd047f50 JavaThread "C2 CompilerThread0"         daemon [_thread_in_native, id=17844, stack(0x000000ddd6200000,0x000000ddd6300000) (1024K)]
  0x00000295cd05d490 JavaThread "C1 CompilerThread0"         daemon [_thread_blocked, id=17816, stack(0x000000ddd6300000,0x000000ddd6400000) (1024K)]
  0x00000295cd1ffa30 JavaThread "Notification Thread"        daemon [_thread_blocked, id=2852, stack(0x000000ddd6400000,0x000000ddd6500000) (1024K)]
  0x00000295cd218c30 JavaThread "Common-Cleaner"             daemon [_thread_blocked, id=14744, stack(0x000000ddd6500000,0x000000ddd6600000) (1024K)]
Total: 11

Other Threads:
  0x00000295cd02ec30 VMThread "VM Thread"                           [id=17840, stack(0x000000ddd5b00000,0x000000ddd5c00000) (1024K)]
  0x00000295cd01dae0 WatcherThread "VM Periodic Task Thread"        [id=17772, stack(0x000000ddd5a00000,0x000000ddd5b00000) (1024K)]
  0x00000295b0d6a110 WorkerThread "GC Thread#0"                     [id=8928, stack(0x000000ddd5500000,0x000000ddd5600000) (1024K)]
  0x00000295b0d7e530 ConcurrentGCThread "G1 Main Marker"            [id=13140, stack(0x000000ddd5600000,0x000000ddd5700000) (1024K)]
  0x00000295b0d806d0 WorkerThread "G1 Conc#0"                       [id=17832, stack(0x000000ddd5700000,0x000000ddd5800000) (1024K)]
  0x00000295cced5ef0 ConcurrentGCThread "G1 Refine#0"               [id=17836, stack(0x000000ddd5800000,0x000000ddd5900000) (1024K)]
  0x00000295cced9830 ConcurrentGCThread "G1 Service"                [id=5580, stack(0x000000ddd5900000,0x000000ddd5a00000) (1024K)]
Total: 7

Threads with active compile tasks:
C2 CompilerThread0  1012  513       4       jdk.internal.jimage.ImageStringsReader::unmaskedHashCode (166 bytes)
Total: 1

VM state: not at safepoint (normal execution)

VM Mutex/Monitor currently owned by a thread: None

Heap address: 0x0000000084e00000, size: 1970 MB, Compressed Oops mode: 32-bit

CDS archive(s) mapped at: [0x00000295ce000000-0x00000295ced40000-0x00000295ced40000), size 13893632, SharedBaseAddress: 0x00000295ce000000, ArchiveRelocationMode: 1.
Compressed class space mapped at: 0x00000295cf000000-0x000002960f000000, reserved size: 1073741824
UseCompressedClassPointers 1, UseCompactObjectHeaders 0
Narrow klass pointer bits 32, Max shift 3
Narrow klass base: 0x00000295ce000000, Narrow klass shift: 0
Encoding Range: [0x00000295ce000000 - 0x00000296ce000000), (4294967296 bytes)
Klass Range:    [0x00000295ce000000 - 0x000002960f000000), (1090519040 bytes)
Klass ID Range:  [8 - 1090519033) (1090519025)

GC Precious Log:
 CardTable entry size: 512
 Card Set container configuration: InlinePtr #cards 5 size 8 Array Of Cards #cards 10 size 36 Howl #buckets 4 coarsen threshold 1843 Howl Bitmap #cards 512 size 80 coarsen threshold 460 Card regions per heap region 1 cards per card region 2048
 CPUs: 4 total, 4 available
 Memory: 7879M
 Large Page Support: Disabled
 NUMA Support: Disabled
 Compressed Oops: Enabled (32-bit)
 Heap Region Size: 1M
 Heap Min Capacity: 8M
 Heap Initial Capacity: 124M
 Heap Max Capacity: 1970M
 Pre-touch: Disabled
 Parallel Workers: 4
 Concurrent Workers: 1
 Concurrent Refinement Workers: 4
 Periodic GC: Disabled

Heap:
 garbage-first heap   total reserved 2017280K, committed 129024K, used 12404K [0x0000000084e00000, 0x0000000100000000)
  region size 1024K, 10 young (10240K), 0 survivors (0K)
 Metaspace       used 2161K, committed 2304K, reserved 1114112K
  class space    used 153K, committed 256K, reserved 1048576K

Heap Regions: E=young(eden), S=young(survivor), O=old, HS=humongous(starts), HC=humongous(continues), CS=collection set, F=free, TAMS=top-at-mark-start, PB=parsable bottom
|   0|0x0000000084e00000, 0x0000000084f00000, 0x0000000084f00000|100%|HS|  |TAMS 0x0000000084e00000| PB 0x0000000084e00000| Complete |  0
|   1|0x0000000084f00000, 0x0000000085000000, 0x0000000085000000|100%|HS|  |TAMS 0x0000000084f00000| PB 0x0000000084f00000| Complete |  0
|   2|0x0000000085000000, 0x0000000085000000, 0x0000000085100000|  0%| F|  |TAMS 0x0000000085000000| PB 0x0000000085000000| Untracked |  0
|   3|0x0000000085100000, 0x0000000085100000, 0x0000000085200000|  0%| F|  |TAMS 0x0000000085100000| PB 0x0000000085100000| Untracked |  0
|   4|0x0000000085200000, 0x0000000085200000, 0x0000000085300000|  0%| F|  |TAMS 0x0000000085200000| PB 0x0000000085200000| Untracked |  0
|   5|0x0000000085300000, 0x0000000085300000, 0x0000000085400000|  0%| F|  |TAMS 0x0000000085300000| PB 0x0000000085300000| Untracked |  0
|   6|0x0000000085400000, 0x0000000085400000, 0x0000000085500000|  0%| F|  |TAMS 0x0000000085400000| PB 0x0000000085400000| Untracked |  0
|   7|0x0000000085500000, 0x0000000085500000, 0x0000000085600000|  0%| F|  |TAMS 0x0000000085500000| PB 0x0000000085500000| Untracked |  0
|   8|0x0000000085600000, 0x0000000085600000, 0x0000000085700000|  0%| F|  |TAMS 0x0000000085600000| PB 0x0000000085600000| Untracked |  0
|   9|0x0000000085700000, 0x0000000085700000, 0x0000000085800000|  0%| F|  |TAMS 0x0000000085700000| PB 0x0000000085700000| Untracked |  0
|  10|0x0000000085800000, 0x0000000085800000, 0x0000000085900000|  0%| F|  |TAMS 0x0000000085800000| PB 0x0000000085800000| Untracked |  0
|  11|0x0000000085900000, 0x0000000085900000, 0x0000000085a00000|  0%| F|  |TAMS 0x0000000085900000| PB 0x0000000085900000| Untracked |  0
|  12|0x0000000085a00000, 0x0000000085a00000, 0x0000000085b00000|  0%| F|  |TAMS 0x0000000085a00000| PB 0x0000000085a00000| Untracked |  0
|  13|0x0000000085b00000, 0x0000000085b00000, 0x0000000085c00000|  0%| F|  |TAMS 0x0000000085b00000| PB 0x0000000085b00000| Untracked |  0
|  14|0x0000000085c00000, 0x0000000085c00000, 0x0000000085d00000|  0%| F|  |TAMS 0x0000000085c00000| PB 0x0000000085c00000| Untracked |  0
|  15|0x0000000085d00000, 0x0000000085d00000, 0x0000000085e00000|  0%| F|  |TAMS 0x0000000085d00000| PB 0x0000000085d00000| Untracked |  0
|  16|0x0000000085e00000, 0x0000000085e00000, 0x0000000085f00000|  0%| F|  |TAMS 0x0000000085e00000| PB 0x0000000085e00000| Untracked |  0
|  17|0x0000000085f00000, 0x0000000085f00000, 0x0000000086000000|  0%| F|  |TAMS 0x0000000085f00000| PB 0x0000000085f00000| Untracked |  0
|  18|0x0000000086000000, 0x0000000086000000, 0x0000000086100000|  0%| F|  |TAMS 0x0000000086000000| PB 0x0000000086000000| Untracked |  0
|  19|0x0000000086100000, 0x0000000086100000, 0x0000000086200000|  0%| F|  |TAMS 0x0000000086100000| PB 0x0000000086100000| Untracked |  0
|  20|0x0000000086200000, 0x0000000086200000, 0x0000000086300000|  0%| F|  |TAMS 0x0000000086200000| PB 0x0000000086200000| Untracked |  0
|  21|0x0000000086300000, 0x0000000086300000, 0x0000000086400000|  0%| F|  |TAMS 0x0000000086300000| PB 0x0000000086300000| Untracked |  0
|  22|0x0000000086400000, 0x0000000086400000, 0x0000000086500000|  0%| F|  |TAMS 0x0000000086400000| PB 0x0000000086400000| Untracked |  0
|  23|0x0000000086500000, 0x0000000086500000, 0x0000000086600000|  0%| F|  |TAMS 0x0000000086500000| PB 0x0000000086500000| Untracked |  0
|  24|0x0000000086600000, 0x0000000086600000, 0x0000000086700000|  0%| F|  |TAMS 0x0000000086600000| PB 0x0000000086600000| Untracked |  0
|  25|0x0000000086700000, 0x0000000086700000, 0x0000000086800000|  0%| F|  |TAMS 0x0000000086700000| PB 0x0000000086700000| Untracked |  0
|  26|0x0000000086800000, 0x0000000086800000, 0x0000000086900000|  0%| F|  |TAMS 0x0000000086800000| PB 0x0000000086800000| Untracked |  0
|  27|0x0000000086900000, 0x0000000086900000, 0x0000000086a00000|  0%| F|  |TAMS 0x0000000086900000| PB 0x0000000086900000| Untracked |  0
|  28|0x0000000086a00000, 0x0000000086a00000, 0x0000000086b00000|  0%| F|  |TAMS 0x0000000086a00000| PB 0x0000000086a00000| Untracked |  0
|  29|0x0000000086b00000, 0x0000000086b00000, 0x0000000086c00000|  0%| F|  |TAMS 0x0000000086b00000| PB 0x0000000086b00000| Untracked |  0
|  30|0x0000000086c00000, 0x0000000086c00000, 0x0000000086d00000|  0%| F|  |TAMS 0x0000000086c00000| PB 0x0000000086c00000| Untracked |  0
|  31|0x0000000086d00000, 0x0000000086d00000, 0x0000000086e00000|  0%| F|  |TAMS 0x0000000086d00000| PB 0x0000000086d00000| Untracked |  0
|  32|0x0000000086e00000, 0x0000000086e00000, 0x0000000086f00000|  0%| F|  |TAMS 0x0000000086e00000| PB 0x0000000086e00000| Untracked |  0
|  33|0x0000000086f00000, 0x0000000086f00000, 0x0000000087000000|  0%| F|  |TAMS 0x0000000086f00000| PB 0x0000000086f00000| Untracked |  0
|  34|0x0000000087000000, 0x0000000087000000, 0x0000000087100000|  0%| F|  |TAMS 0x0000000087000000| PB 0x0000000087000000| Untracked |  0
|  35|0x0000000087100000, 0x0000000087100000, 0x0000000087200000|  0%| F|  |TAMS 0x0000000087100000| PB 0x0000000087100000| Untracked |  0
|  36|0x0000000087200000, 0x0000000087200000, 0x0000000087300000|  0%| F|  |TAMS 0x0000000087200000| PB 0x0000000087200000| Untracked |  0
|  37|0x0000000087300000, 0x0000000087300000, 0x0000000087400000|  0%| F|  |TAMS 0x0000000087300000| PB 0x0000000087300000| Untracked |  0
|  38|0x0000000087400000, 0x0000000087400000, 0x0000000087500000|  0%| F|  |TAMS 0x0000000087400000| PB 0x0000000087400000| Untracked |  0
|  39|0x0000000087500000, 0x0000000087500000, 0x0000000087600000|  0%| F|  |TAMS 0x0000000087500000| PB 0x0000000087500000| Untracked |  0
|  40|0x0000000087600000, 0x0000000087600000, 0x0000000087700000|  0%| F|  |TAMS 0x0000000087600000| PB 0x0000000087600000| Untracked |  0
|  41|0x0000000087700000, 0x0000000087700000, 0x0000000087800000|  0%| F|  |TAMS 0x0000000087700000| PB 0x0000000087700000| Untracked |  0
|  42|0x0000000087800000, 0x0000000087800000, 0x0000000087900000|  0%| F|  |TAMS 0x0000000087800000| PB 0x0000000087800000| Untracked |  0
|  43|0x0000000087900000, 0x0000000087900000, 0x0000000087a00000|  0%| F|  |TAMS 0x0000000087900000| PB 0x0000000087900000| Untracked |  0
|  44|0x0000000087a00000, 0x0000000087a00000, 0x0000000087b00000|  0%| F|  |TAMS 0x0000000087a00000| PB 0x0000000087a00000| Untracked |  0
|  45|0x0000000087b00000, 0x0000000087b00000, 0x0000000087c00000|  0%| F|  |TAMS 0x0000000087b00000| PB 0x0000000087b00000| Untracked |  0
|  46|0x0000000087c00000, 0x0000000087c00000, 0x0000000087d00000|  0%| F|  |TAMS 0x0000000087c00000| PB 0x0000000087c00000| Untracked |  0
|  47|0x0000000087d00000, 0x0000000087d00000, 0x0000000087e00000|  0%| F|  |TAMS 0x0000000087d00000| PB 0x0000000087d00000| Untracked |  0
|  48|0x0000000087e00000, 0x0000000087e00000, 0x0000000087f00000|  0%| F|  |TAMS 0x0000000087e00000| PB 0x0000000087e00000| Untracked |  0
|  49|0x0000000087f00000, 0x0000000087f00000, 0x0000000088000000|  0%| F|  |TAMS 0x0000000087f00000| PB 0x0000000087f00000| Untracked |  0
|  50|0x0000000088000000, 0x0000000088000000, 0x0000000088100000|  0%| F|  |TAMS 0x0000000088000000| PB 0x0000000088000000| Untracked |  0
|  51|0x0000000088100000, 0x0000000088100000, 0x0000000088200000|  0%| F|  |TAMS 0x0000000088100000| PB 0x0000000088100000| Untracked |  0
|  52|0x0000000088200000, 0x0000000088200000, 0x0000000088300000|  0%| F|  |TAMS 0x0000000088200000| PB 0x0000000088200000| Untracked |  0
|  53|0x0000000088300000, 0x0000000088300000, 0x0000000088400000|  0%| F|  |TAMS 0x0000000088300000| PB 0x0000000088300000| Untracked |  0
|  54|0x0000000088400000, 0x0000000088400000, 0x0000000088500000|  0%| F|  |TAMS 0x0000000088400000| PB 0x0000000088400000| Untracked |  0
|  55|0x0000000088500000, 0x0000000088500000, 0x0000000088600000|  0%| F|  |TAMS 0x0000000088500000| PB 0x0000000088500000| Untracked |  0
|  56|0x0000000088600000, 0x0000000088600000, 0x0000000088700000|  0%| F|  |TAMS 0x0000000088600000| PB 0x0000000088600000| Untracked |  0
|  57|0x0000000088700000, 0x0000000088700000, 0x0000000088800000|  0%| F|  |TAMS 0x0000000088700000| PB 0x0000000088700000| Untracked |  0
|  58|0x0000000088800000, 0x0000000088800000, 0x0000000088900000|  0%| F|  |TAMS 0x0000000088800000| PB 0x0000000088800000| Untracked |  0
|  59|0x0000000088900000, 0x0000000088900000, 0x0000000088a00000|  0%| F|  |TAMS 0x0000000088900000| PB 0x0000000088900000| Untracked |  0
|  60|0x0000000088a00000, 0x0000000088a00000, 0x0000000088b00000|  0%| F|  |TAMS 0x0000000088a00000| PB 0x0000000088a00000| Untracked |  0
|  61|0x0000000088b00000, 0x0000000088b00000, 0x0000000088c00000|  0%| F|  |TAMS 0x0000000088b00000| PB 0x0000000088b00000| Untracked |  0
|  62|0x0000000088c00000, 0x0000000088c00000, 0x0000000088d00000|  0%| F|  |TAMS 0x0000000088c00000| PB 0x0000000088c00000| Untracked |  0
|  63|0x0000000088d00000, 0x0000000088d00000, 0x0000000088e00000|  0%| F|  |TAMS 0x0000000088d00000| PB 0x0000000088d00000| Untracked |  0
|  64|0x0000000088e00000, 0x0000000088e00000, 0x0000000088f00000|  0%| F|  |TAMS 0x0000000088e00000| PB 0x0000000088e00000| Untracked |  0
|  65|0x0000000088f00000, 0x0000000088f00000, 0x0000000089000000|  0%| F|  |TAMS 0x0000000088f00000| PB 0x0000000088f00000| Untracked |  0
|  66|0x0000000089000000, 0x0000000089000000, 0x0000000089100000|  0%| F|  |TAMS 0x0000000089000000| PB 0x0000000089000000| Untracked |  0
|  67|0x0000000089100000, 0x0000000089100000, 0x0000000089200000|  0%| F|  |TAMS 0x0000000089100000| PB 0x0000000089100000| Untracked |  0
|  68|0x0000000089200000, 0x0000000089200000, 0x0000000089300000|  0%| F|  |TAMS 0x0000000089200000| PB 0x0000000089200000| Untracked |  0
|  69|0x0000000089300000, 0x0000000089300000, 0x0000000089400000|  0%| F|  |TAMS 0x0000000089300000| PB 0x0000000089300000| Untracked |  0
|  70|0x0000000089400000, 0x0000000089400000, 0x0000000089500000|  0%| F|  |TAMS 0x0000000089400000| PB 0x0000000089400000| Untracked |  0
|  71|0x0000000089500000, 0x0000000089500000, 0x0000000089600000|  0%| F|  |TAMS 0x0000000089500000| PB 0x0000000089500000| Untracked |  0
|  72|0x0000000089600000, 0x0000000089600000, 0x0000000089700000|  0%| F|  |TAMS 0x0000000089600000| PB 0x0000000089600000| Untracked |  0
|  73|0x0000000089700000, 0x0000000089700000, 0x0000000089800000|  0%| F|  |TAMS 0x0000000089700000| PB 0x0000000089700000| Untracked |  0
|  74|0x0000000089800000, 0x0000000089800000, 0x0000000089900000|  0%| F|  |TAMS 0x0000000089800000| PB 0x0000000089800000| Untracked |  0
|  75|0x0000000089900000, 0x0000000089900000, 0x0000000089a00000|  0%| F|  |TAMS 0x0000000089900000| PB 0x0000000089900000| Untracked |  0
|  76|0x0000000089a00000, 0x0000000089a00000, 0x0000000089b00000|  0%| F|  |TAMS 0x0000000089a00000| PB 0x0000000089a00000| Untracked |  0
|  77|0x0000000089b00000, 0x0000000089b00000, 0x0000000089c00000|  0%| F|  |TAMS 0x0000000089b00000| PB 0x0000000089b00000| Untracked |  0
|  78|0x0000000089c00000, 0x0000000089c00000, 0x0000000089d00000|  0%| F|  |TAMS 0x0000000089c00000| PB 0x0000000089c00000| Untracked |  0
|  79|0x0000000089d00000, 0x0000000089d00000, 0x0000000089e00000|  0%| F|  |TAMS 0x0000000089d00000| PB 0x0000000089d00000| Untracked |  0
|  80|0x0000000089e00000, 0x0000000089e00000, 0x0000000089f00000|  0%| F|  |TAMS 0x0000000089e00000| PB 0x0000000089e00000| Untracked |  0
|  81|0x0000000089f00000, 0x0000000089f00000, 0x000000008a000000|  0%| F|  |TAMS 0x0000000089f00000| PB 0x0000000089f00000| Untracked |  0
|  82|0x000000008a000000, 0x000000008a000000, 0x000000008a100000|  0%| F|  |TAMS 0x000000008a000000| PB 0x000000008a000000| Untracked |  0
|  83|0x000000008a100000, 0x000000008a100000, 0x000000008a200000|  0%| F|  |TAMS 0x000000008a100000| PB 0x000000008a100000| Untracked |  0
|  84|0x000000008a200000, 0x000000008a200000, 0x000000008a300000|  0%| F|  |TAMS 0x000000008a200000| PB 0x000000008a200000| Untracked |  0
|  85|0x000000008a300000, 0x000000008a300000, 0x000000008a400000|  0%| F|  |TAMS 0x000000008a300000| PB 0x000000008a300000| Untracked |  0
|  86|0x000000008a400000, 0x000000008a400000, 0x000000008a500000|  0%| F|  |TAMS 0x000000008a400000| PB 0x000000008a400000| Untracked |  0
|  87|0x000000008a500000, 0x000000008a500000, 0x000000008a600000|  0%| F|  |TAMS 0x000000008a500000| PB 0x000000008a500000| Untracked |  0
|  88|0x000000008a600000, 0x000000008a600000, 0x000000008a700000|  0%| F|  |TAMS 0x000000008a600000| PB 0x000000008a600000| Untracked |  0
|  89|0x000000008a700000, 0x000000008a700000, 0x000000008a800000|  0%| F|  |TAMS 0x000000008a700000| PB 0x000000008a700000| Untracked |  0
|  90|0x000000008a800000, 0x000000008a800000, 0x000000008a900000|  0%| F|  |TAMS 0x000000008a800000| PB 0x000000008a800000| Untracked |  0
|  91|0x000000008a900000, 0x000000008a900000, 0x000000008aa00000|  0%| F|  |TAMS 0x000000008a900000| PB 0x000000008a900000| Untracked |  0
|  92|0x000000008aa00000, 0x000000008aa00000, 0x000000008ab00000|  0%| F|  |TAMS 0x000000008aa00000| PB 0x000000008aa00000| Untracked |  0
|  93|0x000000008ab00000, 0x000000008ab00000, 0x000000008ac00000|  0%| F|  |TAMS 0x000000008ab00000| PB 0x000000008ab00000| Untracked |  0
|  94|0x000000008ac00000, 0x000000008ac00000, 0x000000008ad00000|  0%| F|  |TAMS 0x000000008ac00000| PB 0x000000008ac00000| Untracked |  0
|  95|0x000000008ad00000, 0x000000008ad00000, 0x000000008ae00000|  0%| F|  |TAMS 0x000000008ad00000| PB 0x000000008ad00000| Untracked |  0
|  96|0x000000008ae00000, 0x000000008ae00000, 0x000000008af00000|  0%| F|  |TAMS 0x000000008ae00000| PB 0x000000008ae00000| Untracked |  0
|  97|0x000000008af00000, 0x000000008af00000, 0x000000008b000000|  0%| F|  |TAMS 0x000000008af00000| PB 0x000000008af00000| Untracked |  0
|  98|0x000000008b000000, 0x000000008b000000, 0x000000008b100000|  0%| F|  |TAMS 0x000000008b000000| PB 0x000000008b000000| Untracked |  0
|  99|0x000000008b100000, 0x000000008b100000, 0x000000008b200000|  0%| F|  |TAMS 0x000000008b100000| PB 0x000000008b100000| Untracked |  0
| 100|0x000000008b200000, 0x000000008b200000, 0x000000008b300000|  0%| F|  |TAMS 0x000000008b200000| PB 0x000000008b200000| Untracked |  0
| 101|0x000000008b300000, 0x000000008b300000, 0x000000008b400000|  0%| F|  |TAMS 0x000000008b300000| PB 0x000000008b300000| Untracked |  0
| 102|0x000000008b400000, 0x000000008b400000, 0x000000008b500000|  0%| F|  |TAMS 0x000000008b400000| PB 0x000000008b400000| Untracked |  0
| 103|0x000000008b500000, 0x000000008b500000, 0x000000008b600000|  0%| F|  |TAMS 0x000000008b500000| PB 0x000000008b500000| Untracked |  0
| 104|0x000000008b600000, 0x000000008b600000, 0x000000008b700000|  0%| F|  |TAMS 0x000000008b600000| PB 0x000000008b600000| Untracked |  0
| 105|0x000000008b700000, 0x000000008b700000, 0x000000008b800000|  0%| F|  |TAMS 0x000000008b700000| PB 0x000000008b700000| Untracked |  0
| 106|0x000000008b800000, 0x000000008b800000, 0x000000008b900000|  0%| F|  |TAMS 0x000000008b800000| PB 0x000000008b800000| Untracked |  0
| 107|0x000000008b900000, 0x000000008b900000, 0x000000008ba00000|  0%| F|  |TAMS 0x000000008b900000| PB 0x000000008b900000| Untracked |  0
| 108|0x000000008ba00000, 0x000000008ba00000, 0x000000008bb00000|  0%| F|  |TAMS 0x000000008ba00000| PB 0x000000008ba00000| Untracked |  0
| 109|0x000000008bb00000, 0x000000008bb00000, 0x000000008bc00000|  0%| F|  |TAMS 0x000000008bb00000| PB 0x000000008bb00000| Untracked |  0
| 110|0x000000008bc00000, 0x000000008bc00000, 0x000000008bd00000|  0%| F|  |TAMS 0x000000008bc00000| PB 0x000000008bc00000| Untracked |  0
| 111|0x000000008bd00000, 0x000000008bd00000, 0x000000008be00000|  0%| F|  |TAMS 0x000000008bd00000| PB 0x000000008bd00000| Untracked |  0
| 112|0x000000008be00000, 0x000000008be00000, 0x000000008bf00000|  0%| F|  |TAMS 0x000000008be00000| PB 0x000000008be00000| Untracked |  0
| 113|0x000000008bf00000, 0x000000008bf00000, 0x000000008c000000|  0%| F|  |TAMS 0x000000008bf00000| PB 0x000000008bf00000| Untracked |  0
| 114|0x000000008c000000, 0x000000008c100000, 0x000000008c100000|100%| E|  |TAMS 0x000000008c000000| PB 0x000000008c000000| Complete |  0
| 115|0x000000008c100000, 0x000000008c200000, 0x000000008c200000|100%| E|CS|TAMS 0x000000008c100000| PB 0x000000008c100000| Complete |  0
| 116|0x000000008c200000, 0x000000008c300000, 0x000000008c300000|100%| E|CS|TAMS 0x000000008c200000| PB 0x000000008c200000| Complete |  0
| 117|0x000000008c300000, 0x000000008c400000, 0x000000008c400000|100%| E|CS|TAMS 0x000000008c300000| PB 0x000000008c300000| Complete |  0
| 118|0x000000008c400000, 0x000000008c500000, 0x000000008c500000|100%| E|CS|TAMS 0x000000008c400000| PB 0x000000008c400000| Complete |  0
| 119|0x000000008c500000, 0x000000008c600000, 0x000000008c600000|100%| E|CS|TAMS 0x000000008c500000| PB 0x000000008c500000| Complete |  0
| 120|0x000000008c600000, 0x000000008c700000, 0x000000008c700000|100%| E|CS|TAMS 0x000000008c600000| PB 0x000000008c600000| Complete |  0
| 121|0x000000008c700000, 0x000000008c800000, 0x000000008c800000|100%| E|CS|TAMS 0x000000008c700000| PB 0x000000008c700000| Complete |  0
| 122|0x000000008c800000, 0x000000008c900000, 0x000000008c900000|100%| E|CS|TAMS 0x000000008c800000| PB 0x000000008c800000| Complete |  0
| 123|0x000000008c900000, 0x000000008ca00000, 0x000000008ca00000|100%| E|CS|TAMS 0x000000008c900000| PB 0x000000008c900000| Complete |  0
|1968|0x00000000ffe00000, 0x00000000fff00000, 0x00000000fff00000|100%| O|  |TAMS 0x00000000ffe00000| PB 0x00000000ffe00000| Untracked |  0
|1969|0x00000000fff00000, 0x00000000fff1d248, 0x0000000100000000| 11%| O|  |TAMS 0x00000000fff00000| PB 0x00000000fff00000| Untracked |  0

Card table byte_map: [0x00000295c8990000,0x00000295c8d70000] _byte_map_base: 0x00000295c8569000

Marking Bits: (CMBitMap*) 0x00000295b0d6a820
 Bits: [0x00000295c8d70000, 0x00000295cac38000)

Polling page: 0x00000295aecd0000

Metaspace:

Usage:
  Non-class:      2.03 MB used.
      Class:    156.03 KB used.
       Both:      2.19 MB used.

Virtual space:
  Non-class space:       64.00 MB reserved,       2.12 MB (  3%) committed,  1 nodes.
      Class space:        1.00 GB reserved,     256.00 KB ( <1%) committed,  1 nodes.
             Both:        1.06 GB reserved,       2.38 MB ( <1%) committed. 

Chunk freelists:
   Non-Class:  10.95 MB
       Class:  15.64 MB
        Both:  26.59 MB

MaxMetaspaceSize: unlimited
CompressedClassSpaceSize: 1.00 GB
Initial GC threshold: 21.00 MB
Current GC threshold: 21.00 MB
CDS: on
 - commit_granule_bytes: 65536.
 - commit_granule_words: 8192.
 - virtual_space_node_default_size: 8388608.
 - enlarge_chunks_in_place: 1.
UseCompressedClassPointers 1, UseCompactObjectHeaders 0
Narrow klass pointer bits 32, Max shift 3
Narrow klass base: 0x00000295ce000000, Narrow klass shift: 0
Encoding Range: [0x00000295ce000000 - 0x00000296ce000000), (4294967296 bytes)
Klass Range:    [0x00000295ce000000 - 0x000002960f000000), (1090519040 bytes)
Klass ID Range:  [8 - 1090519033) (1090519025)


Internal statistics:

num_allocs_failed_limit: 0.
num_arena_births: 30.
num_arena_deaths: 0.
num_vsnodes_births: 2.
num_vsnodes_deaths: 0.
num_space_committed: 38.
num_space_uncommitted: 0.
num_chunks_returned_to_freelist: 0.
num_chunks_taken_from_freelist: 91.
num_chunk_merges: 0.
num_chunk_splits: 55.
num_chunks_enlarged: 41.
num_inconsistent_stats: 0.

CodeHeap 'non-profiled nmethods': size=120064Kb used=166Kb max_used=166Kb free=119897Kb
 bounds [0x00000295c1070000, 0x00000295c12e0000, 0x00000295c85b0000]
CodeHeap 'profiled nmethods': size=120000Kb used=837Kb max_used=837Kb free=119162Kb
 bounds [0x00000295b95b0000, 0x00000295b9820000, 0x00000295c0ae0000]
CodeHeap 'non-nmethods': size=5696Kb used=1336Kb max_used=1336Kb free=4359Kb
 bounds [0x00000295c0ae0000, 0x00000295c0d50000, 0x00000295c1070000]
CodeCache: size=245760Kb, used=2339Kb, max_used=2339Kb, free=243418Kb
 total_blobs=1018, nmethods=614, adapters=309, full_count=0
Compilation: enabled, stopped_count=0, restarted_count=0

Compilation events (20 events):
Event: 0.691 Thread 0x00000295cd05d490  479       3       jdk.internal.classfile.impl.BufWriterImpl::writeUtfEntry (144 bytes)
Event: 0.694 Thread 0x00000295cd05d490 nmethod 479 0x00000295b9637208 code [0x00000295b9637500, 0x00000295b96392b8]
Event: 0.694 Thread 0x00000295cd05d490  480       3       java.lang.System$1::countNonZeroAscii (5 bytes)
Event: 0.694 Thread 0x00000295cd05d490 nmethod 480 0x00000295b9639388 code [0x00000295b9639500, 0x00000295b9639b08]
Event: 0.694 Thread 0x00000295cd05d490  481       3       java.lang.StringCoding::countNonZeroAscii (30 bytes)
Event: 0.695 Thread 0x00000295cd05d490 nmethod 481 0x00000295b9639b88 code [0x00000295b9639ce0, 0x00000295b963a360]
Event: 0.695 Thread 0x00000295cd05d490  482       3       jdk.internal.util.ModifiedUtf::utfLen (58 bytes)
Event: 0.695 Thread 0x00000295cd05d490 nmethod 482 0x00000295b963a408 code [0x00000295b963a5a0, 0x00000295b963af30]
Event: 0.696 Thread 0x00000295cd05d490  486       3       jdk.internal.util.ReferencedKeyMap::get (10 bytes)
Event: 0.697 Thread 0x00000295cd05d490 nmethod 486 0x00000295b963b008 code [0x00000295b963b1c0, 0x00000295b963ba60]
Event: 0.697 Thread 0x00000295cd05d490  487       3       jdk.internal.util.ReferencedKeyMap::getNoCheckStale (22 bytes)
Event: 0.697 Thread 0x00000295cd05d490 nmethod 487 0x00000295b963bb08 code [0x00000295b963bc60, 0x00000295b963c178]
Event: 0.697 Thread 0x00000295cd05d490  485       3       java.lang.invoke.MemberName::getReferenceKind (12 bytes)
Event: 0.697 Thread 0x00000295cd05d490 nmethod 485 0x00000295b963c208 code [0x00000295b963c320, 0x00000295b963c438]
Event: 0.697 Thread 0x00000295cd05d490  489       3       java.lang.invoke.MethodType::parameterType (7 bytes)
Event: 0.698 Thread 0x00000295cd05d490 nmethod 489 0x00000295b963c508 code [0x00000295b963c620, 0x00000295b963c750]
Event: 0.698 Thread 0x00000295cd05d490  490       3       jdk.internal.classfile.impl.StackMapGenerator::processBlock (2767 bytes)
Event: 0.703 Thread 0x00000295cd047f50  503       4       java.util.concurrent.ConcurrentHashMap::tabAt (22 bytes)
Event: 0.727 Thread 0x00000295cd047f50 nmethod 503 0x00000295c1093c08 code [0x00000295c1093d00, 0x00000295c1093d70]
Event: 0.867 Thread 0x00000295cd047f50  513       4       jdk.internal.jimage.ImageStringsReader::unmaskedHashCode (166 bytes)

GC Heap History (0 events):
No events

Dll operation events (6 events):
Event: 0.017 Loaded shared library C:\Program Files\Java\jdk-24\bin\java.dll
Event: 0.058 Loaded shared library C:\Program Files\Java\jdk-24\bin\jsvml.dll
Event: 0.218 Loaded shared library C:\Program Files\Java\jdk-24\bin\net.dll
Event: 0.223 Loaded shared library C:\Program Files\Java\jdk-24\bin\nio.dll
Event: 0.231 Loaded shared library C:\Program Files\Java\jdk-24\bin\zip.dll
Event: 0.549 Loaded shared library C:\Program Files\Java\jdk-24\bin\jimage.dll

Deoptimization events (8 events):
Event: 0.202 Thread 0x00000295aea1c210 Uncommon trap: trap_request=0xffffff4d fr.pc=0x00000295c1070fcc relative=0x00000000000000ac
Event: 0.203 Thread 0x00000295aea1c210 Uncommon trap: reason=unstable_if action=reinterpret pc=0x00000295c1070fcc method=java.lang.String.isLatin1()Z @ 10 c2
Event: 0.203 Thread 0x00000295aea1c210 DEOPT PACKING pc=0x00000295c1070fcc sp=0x000000ddd54feee0
Event: 0.203 Thread 0x00000295aea1c210 DEOPT UNPACKING pc=0x00000295c0bff802 sp=0x000000ddd54fee20 mode 2
Event: 0.299 Thread 0x00000295aea1c210 DEOPT PACKING pc=0x00000295b95bd798 sp=0x000000ddd54fdb90
Event: 0.299 Thread 0x00000295aea1c210 DEOPT UNPACKING pc=0x00000295c0b36642 sp=0x000000ddd54fd000 mode 0
Event: 0.302 Thread 0x00000295aea1c210 DEOPT PACKING pc=0x00000295b95bd440 sp=0x000000ddd54fda60
Event: 0.302 Thread 0x00000295aea1c210 DEOPT UNPACKING pc=0x00000295c0b36642 sp=0x000000ddd54fcee8 mode 0

Classes loaded (20 events):
Event: 0.702 Loading class java/util/stream/SliceOps
Event: 0.702 Loading class java/util/stream/SliceOps done
Event: 0.702 Loading class java/util/stream/SliceOps$1
Event: 0.702 Loading class java/util/stream/SliceOps$1 done
Event: 0.703 Loading class java/util/stream/SliceOps$1$1
Event: 0.703 Loading class java/util/stream/SliceOps$1$1 done
Event: 0.869 Loading class sun/net/www/protocol/jar/JarURLConnection
Event: 0.869 Loading class java/net/JarURLConnection
Event: 0.869 Loading class java/net/URLConnection
Event: 0.870 Loading class java/net/URLConnection done
Event: 0.870 Loading class java/net/JarURLConnection done
Event: 0.870 Loading class sun/net/www/protocol/jar/JarURLConnection done
Event: 0.871 Loading class sun/net/www/protocol/jar/JarFileFactory
Event: 0.871 Loading class sun/net/www/protocol/jar/URLJarFile$URLJarFileCloseController
Event: 0.871 Loading class sun/net/www/protocol/jar/URLJarFile$URLJarFileCloseController done
Event: 0.871 Loading class sun/net/www/protocol/jar/JarFileFactory done
Event: 0.871 Loading class sun/net/www/protocol/file/FileURLConnection
Event: 0.871 Loading class sun/net/www/URLConnection
Event: 0.872 Loading class sun/net/www/URLConnection done
Event: 0.872 Loading class sun/net/www/protocol/file/FileURLConnection done

Classes unloaded (0 events):
No events

Classes redefined (0 events):
No events

Internal exceptions (8 events):
Event: 0.540 Thread 0x00000295aea1c210 Exception <a 'java/lang/NoSuchMethodError'{0x000000008c42b7b8}: 'java.lang.Object java.lang.invoke.DirectMethodHandle$Holder.invokeStaticInit(java.lang.Object, java.lang.Object, java.lang.Object)'> (0x000000008c42b7b8) 
thrown [s\open\src\hotspot\share\interpreter\linkResolver.cpp, line 805]
Event: 0.622 Thread 0x00000295aea1c210 Exception <a 'java/lang/NoSuchMethodError'{0x000000008c2593a0}: 'java.lang.Object java.lang.invoke.DirectMethodHandle$Holder.invokeStaticInit(java.lang.Object)'> (0x000000008c2593a0) 
thrown [s\open\src\hotspot\share\interpreter\linkResolver.cpp, line 805]
Event: 0.636 Thread 0x00000295aea1c210 Exception <a 'java/lang/NoSuchMethodError'{0x000000008c27e8e0}: 'void java.lang.invoke.DirectMethodHandle$Holder.invokeStatic(java.lang.Object, java.lang.Object, java.lang.Object, java.lang.Object)'> (0x000000008c27e8e0) 
thrown [s\open\src\hotspot\share\interpreter\linkResolver.cpp, line 805]
Event: 0.672 Thread 0x00000295aea1c210 Exception <a 'java/lang/NoSuchMethodError'{0x000000008c2f3f70}: 'int java.lang.invoke.DirectMethodHandle$Holder.invokeStatic(java.lang.Object)'> (0x000000008c2f3f70) 
thrown [s\open\src\hotspot\share\interpreter\linkResolver.cpp, line 805]
Event: 0.673 Thread 0x00000295aea1c210 Exception <a 'java/lang/NoSuchMethodError'{0x000000008c2fbc28}: 'int java.lang.invoke.DirectMethodHandle$Holder.invokeStaticInit(java.lang.Object)'> (0x000000008c2fbc28) 
thrown [s\open\src\hotspot\share\interpreter\linkResolver.cpp, line 805]
Event: 0.689 Thread 0x00000295aea1c210 Exception <a 'java/lang/NoSuchMethodError'{0x000000008c14a2f8}: 'void java.lang.invoke.DirectMethodHandle$Holder.invokeStatic(java.lang.Object, java.lang.Object, java.lang.Object)'> (0x000000008c14a2f8) 
thrown [s\open\src\hotspot\share\interpreter\linkResolver.cpp, line 805]
Event: 0.697 Thread 0x00000295aea1c210 Exception <a 'java/lang/NoSuchMethodError'{0x000000008c16b7e8}: 'java.lang.Object java.lang.invoke.DirectMethodHandle$Holder.invokeStatic(java.lang.Object, int, java.lang.Object)'> (0x000000008c16b7e8) 
thrown [s\open\src\hotspot\share\interpreter\linkResolver.cpp, line 805]
Event: 0.703 Thread 0x00000295aea1c210 Exception <a 'java/lang/NoSuchMethodError'{0x000000008c19b8e8}: 'java.lang.Object java.lang.invoke.DirectMethodHandle$Holder.invokeInterface(java.lang.Object, java.lang.Object)'> (0x000000008c19b8e8) 
thrown [s\open\src\hotspot\share\interpreter\linkResolver.cpp, line 805]

VM Operations (2 events):
Event: 0.631 Executing VM operation: HandshakeAllThreads (Deoptimize)
Event: 0.631 Executing VM operation: HandshakeAllThreads (Deoptimize) done

Memory protections (0 events):
No events

Nmethod flushes (0 events):
No events

Events (13 events):
Event: 0.036 Thread 0x00000295aea1c210 Thread added: 0x00000295aea1c210
Event: 0.053 Thread 0x00000295aea1c210 Thread added: 0x00000295cd03ea00
Event: 0.053 Thread 0x00000295aea1c210 Thread added: 0x00000295cd03f620
Event: 0.054 Thread 0x00000295aea1c210 Thread added: 0x00000295cd044ba0
Event: 0.054 Thread 0x00000295aea1c210 Thread added: 0x00000295cd0457c0
Event: 0.054 Thread 0x00000295aea1c210 Thread added: 0x00000295cd0463e0
Event: 0.055 Thread 0x00000295aea1c210 Thread added: 0x00000295cd047000
Event: 0.055 Thread 0x00000295aea1c210 Thread added: 0x00000295cd047f50
Event: 0.057 Thread 0x00000295aea1c210 Thread added: 0x00000295cd05d490
Event: 0.200 Thread 0x00000295aea1c210 Thread added: 0x00000295cd1ffa30
Event: 0.207 Thread 0x00000295aea1c210 Thread added: 0x00000295cd218c30
Event: 0.356 Thread 0x00000295cd047f50 Thread added: 0x00000295cd3bd220
Event: 0.853 Thread 0x00000295cd3bd220 Thread exited: 0x00000295cd3bd220


Dynamic libraries:
0x00007ff6f7bb0000 - 0x00007ff6f7bc0000 	C:\Program Files\Java\jdk-24\bin\javaw.exe
0x00007ffb8eb60000 - 0x00007ffb8edc7000 	C:\WINDOWS\SYSTEM32\ntdll.dll
0x00007ffb8db20000 - 0x00007ffb8dbe9000 	C:\WINDOWS\System32\KERNEL32.DLL
0x00007ffb8c110000 - 0x00007ffb8c4ff000 	C:\WINDOWS\System32\KERNELBASE.dll
0x00007ffb8c7b0000 - 0x00007ffb8c8fb000 	C:\WINDOWS\System32\ucrtbase.dll
0x00007ffb11ff0000 - 0x00007ffb1200b000 	C:\Program Files\Java\jdk-24\bin\VCRUNTIME140.dll
0x00007ffb1f5e0000 - 0x00007ffb1f5f6000 	C:\Program Files\Java\jdk-24\bin\jli.dll
0x00007ffb8ddd0000 - 0x00007ffb8df95000 	C:\WINDOWS\System32\USER32.dll
0x00007ffb8beb0000 - 0x00007ffb8bed7000 	C:\WINDOWS\System32\win32u.dll
0x00007ffb77530000 - 0x00007ffb777c3000 	C:\WINDOWS\WinSxS\amd64_microsoft.windows.common-controls_6595b64144ccf1df_6.0.26100.7309_none_3e05feeae336a044\COMCTL32.dll
0x00007ffb8e560000 - 0x00007ffb8e609000 	C:\WINDOWS\System32\msvcrt.dll
0x00007ffb8dbf0000 - 0x00007ffb8dc1b000 	C:\WINDOWS\System32\GDI32.dll
0x00007ffb8c510000 - 0x00007ffb8c63c000 	C:\WINDOWS\System32\gdi32full.dll
0x00007ffb8bcb0000 - 0x00007ffb8bd53000 	C:\WINDOWS\System32\msvcp_win.dll
0x00007ffb8d9e0000 - 0x00007ffb8da11000 	C:\WINDOWS\System32\IMM32.DLL
0x00007ffb80130000 - 0x00007ffb8013c000 	C:\Program Files\Java\jdk-24\bin\vcruntime140_1.dll
0x00007ffb0f320000 - 0x00007ffb0f3ae000 	C:\Program Files\Java\jdk-24\bin\msvcp140.dll
0x00007ffb0e570000 - 0x00007ffb0f311000 	C:\Program Files\Java\jdk-24\bin\server\jvm.dll
0x00007ffb8dd10000 - 0x00007ffb8ddc4000 	C:\WINDOWS\System32\ADVAPI32.dll
0x00007ffb8d900000 - 0x00007ffb8d9a6000 	C:\WINDOWS\System32\sechost.dll
0x00007ffb8cc10000 - 0x00007ffb8cd28000 	C:\WINDOWS\System32\RPCRT4.dll
0x00007ffb8eaa0000 - 0x00007ffb8eb14000 	C:\WINDOWS\System32\WS2_32.dll
0x00007ffb8bb30000 - 0x00007ffb8bb8e000 	C:\WINDOWS\SYSTEM32\POWRPROF.dll
0x00007ffb750f0000 - 0x00007ffb75125000 	C:\WINDOWS\SYSTEM32\WINMM.dll
0x00007ffb80160000 - 0x00007ffb8016b000 	C:\WINDOWS\SYSTEM32\VERSION.dll
0x00007ffb8bb10000 - 0x00007ffb8bb24000 	C:\WINDOWS\SYSTEM32\UMPDC.dll
0x00007ffb8aa30000 - 0x00007ffb8aa4b000 	C:\WINDOWS\SYSTEM32\kernel.appcore.dll
0x00007ffb74be0000 - 0x00007ffb74bea000 	C:\Program Files\Java\jdk-24\bin\jimage.dll
0x00007ffb89390000 - 0x00007ffb895d2000 	C:\WINDOWS\SYSTEM32\DBGHELP.DLL
0x00007ffb8e150000 - 0x00007ffb8e4d5000 	C:\WINDOWS\System32\combase.dll
0x00007ffb8cd40000 - 0x00007ffb8ce16000 	C:\WINDOWS\System32\OLEAUT32.dll
0x00007ffb6df20000 - 0x00007ffb6df5c000 	C:\WINDOWS\SYSTEM32\dbgcore.DLL
0x00007ffb8c060000 - 0x00007ffb8c105000 	C:\WINDOWS\System32\bcryptPrimitives.dll
0x00007ffb0e550000 - 0x00007ffb0e56e000 	C:\Program Files\Java\jdk-24\bin\java.dll
0x00007ffb8dfb0000 - 0x00007ffb8e147000 	C:\WINDOWS\System32\ole32.dll
0x00007ffb8d090000 - 0x00007ffb8d7e3000 	C:\WINDOWS\System32\SHELL32.dll
0x00007ffb8c640000 - 0x00007ffb8c7aa000 	C:\WINDOWS\System32\wintypes.dll
0x00007ffb89890000 - 0x00007ffb8a0ee000 	C:\WINDOWS\SYSTEM32\windows.storage.dll
0x00007ffb8da20000 - 0x00007ffb8db15000 	C:\WINDOWS\System32\SHCORE.dll
0x00007ffb8d7f0000 - 0x00007ffb8d856000 	C:\WINDOWS\System32\shlwapi.dll
0x00007ffb8bbd0000 - 0x00007ffb8bbf9000 	C:\WINDOWS\SYSTEM32\profapi.dll
0x00007ffb0d890000 - 0x00007ffb0d967000 	C:\Program Files\Java\jdk-24\bin\jsvml.dll
0x00007ffb2cc10000 - 0x00007ffb2cc20000 	C:\Program Files\Java\jdk-24\bin\net.dll
0x00007ffb8afd0000 - 0x00007ffb8b03b000 	C:\WINDOWS\system32\mswsock.dll
0x00007ffb0cb50000 - 0x00007ffb0cb66000 	C:\Program Files\Java\jdk-24\bin\nio.dll
0x00007ffb0cb30000 - 0x00007ffb0cb47000 	C:\Program Files\Java\jdk-24\bin\zip.dll

JVMTI agents: none

dbghelp: loaded successfully - version: 4.0.5 - missing functions: none
symbol engine: initialized successfully - sym options: 0x614 - pdb path: .;C:\Program Files\Java\jdk-24\bin;C:\WINDOWS\SYSTEM32;C:\WINDOWS\WinSxS\amd64_microsoft.windows.common-controls_6595b64144ccf1df_6.0.26100.7309_none_3e05feeae336a044;C:\Program Files\Java\jdk-24\bin\server

VM Arguments:
jvm_args: -Dfile.encoding=UTF-8 -Dstdout.encoding=UTF-8 -Dstderr.encoding=UTF-8 -XX:+ShowCodeDetailsInExceptionMessages 
java_command: com.alpha.FindRide.FindRideApplication
java_class_path (initial): C:\Users\somae\Downloads\FindRide\target\classes;C:\Users\somae\.m2\repository\org\springframework\boot\spring-boot-starter-data-jpa\4.0.0\spring-boot-starter-data-jpa-4.0.0.jar;C:\Users\somae\.m2\repository\org\springframework\boot\spring-boot-starter\4.0.0\spring-boot-starter-4.0.0.jar;C:\Users\somae\.m2\repository\org\springframework\boot\spring-boot-starter-logging\4.0.0\spring-boot-starter-logging-4.0.0.jar;C:\Users\somae\.m2\repository\ch\qos\logback\logback-classic\1.5.21\logback-classic-1.5.21.jar;C:\Users\somae\.m2\repository\ch\qos\logback\logback-core\1.5.21\logback-core-1.5.21.jar;C:\Users\somae\.m2\repository\org\apache\logging\log4j\log4j-to-slf4j\2.25.2\log4j-to-slf4j-2.25.2.jar;C:\Users\somae\.m2\repository\org\apache\logging\log4j\log4j-api\2.25.2\log4j-api-2.25.2.jar;C:\Users\somae\.m2\repository\org\slf4j\jul-to-slf4j\2.0.17\jul-to-slf4j-2.0.17.jar;C:\Users\somae\.m2\repository\jakarta\annotation\jakarta.annotation-api\3.0.0\jakarta.annotation-api-3.0.0.jar;C:\Users\somae\.m2\repository\org\yaml\snakeyaml\2.5\snakeyaml-2.5.jar;C:\Users\somae\.m2\repository\org\springframework\boot\spring-boot-starter-jdbc\4.0.0\spring-boot-starter-jdbc-4.0.0.jar;C:\Users\somae\.m2\repository\com\zaxxer\HikariCP\7.0.2\HikariCP-7.0.2.jar;C:\Users\somae\.m2\repository\org\slf4j\slf4j-api\2.0.17\slf4j-api-2.0.17.jar;C:\Users\somae\.m2\repository\org\springframework\boot\spring-boot-data-jpa\4.0.0\spring-boot-data-jpa-4.0.0.jar;C:\Users\somae\.m2\repository\org\springframework\boot\spring-boot-data-commons\4.0.0\spring-boot-data-commons-4.0.0.jar;C:\Users\somae\.m2\repository\org\springframework\boot\spring-boot-persistence\4.0.0\spring-boot-persistence-4.0.0.jar;C:\Users\somae\.m2\repository\org\springframework\data\spring-data-commons\4.0.0\spring-data-commons-4.0.0.jar;C:\Users\somae\.m2\repository\org\springframework\boot\spring-boot-hibernate\4.0.0\spring-boot-hibernate-4.0.0.jar;C:\Users\somae\.m2\repository\org\springframework\boot\spring-boot-jpa\4.0.0\spring-boot-jpa-4.0.0.jar;C:\Users\somae\.m2\repository\jakarta\persistence\jakarta.persistence-api\3.2.0\jakarta.persistence-api-3.2.0.jar;C:\Users\somae\.m2\repository\org\hibernate\orm\hibernate-core\7.1.8.Final\hibernate-core-7.1.8.Final.jar;C:\Users\somae\.m2\repository\jakarta\transaction\jakarta.transaction-api\2.0.1\jakarta.transaction-api-2.0.1.jar;C:\Users\somae\.m2\repository\org\jboss\logging\jboss-logging\3.6.1.Final\jboss-logging-3.6.1.Final.jar;C:\Users\somae\.m2\repository\org\hibernate\models\hibernate-models\1.0.1\hibernate-models-1.0.1.jar;C:\Users\somae\.m2\repository\com\fasterxml\classmate\1.7.1\classmate-1.7.1.jar;C:\Users\somae\.m2\repository\org\glassfish\jaxb\jaxb-runtime\4.0.6\jaxb-runtime-4.0.6.jar;C:\Users\somae\.m2\repository\org\glassfish\jaxb\jaxb-core\4.0.6\jaxb-core-4.0.6.jar;C:\Users\somae\.m2\repository\org\eclipse\angus\angus-activation\2.0.3\angus-activation-2.0.3.jar;C:\Users\somae\.m2\repository\org\glassfish\jaxb\txw2\4.0.6\txw2-4.0.6.jar;C:\Users\somae\.m2\repository\com\sun\istack\istack-commons-runtime\4.1.2\istack-commons-runtime-4.1.2.jar;C:\Users\somae\.m2\repository\jakarta\inject\jakarta.inject-api\2.0.1\jakarta.inject-api-2.0.1.jar;C:\Users\somae\.m2\repository\org\springframework\spring-orm\7.0.1\spring-orm-7.0.1.jar;C:\Users\somae\.m2\repository\org\springframework\data\spring-data-jpa\4.0.0\spring-data-jpa-4.0.0.jar;C:\Users\somae\.m2\repository\org\springframework\spring-aop\7.0.1\spring-aop-7.0.1.jar;C:\Users\somae\.m2\repository\org\springframework\spring-tx\7.0.1\spring-tx-7.0.1.jar;C:\Users\somae\.m2\repository\org\springframework\spring-beans\7.0.1\spring-beans-7.0.1.jar;C:\Users\somae\.m2\repository\org\antlr\antlr4-runtime\4.13.2\antlr4-runtime-4.13.2.jar;C:\Users\somae\.m2\repository\org\springframework\spring-aspects\7.0.1\spring-aspects-7.0.1.jar;C:\Users\somae\.m2\repository\org\aspectj\aspectjweaver\1.9.25\aspectjweaver-1.9.25.jar;C:\Users\somae\.m2\repository\org\springframework\boot\spring-boot-jdbc\4.0.0\spring-boot-jdbc-4.0.0.jar;C:\Users\somae\.m2\repository\org\springframework\boot\spring-boot-sql\4.0.0\spring-boot-sql-4.0.0.jar;C:\Users\somae\.m2\repository\org\springframework\boot\spring-boot-transaction\4.0.0\spring-boot-transaction-4.0.0.jar;C:\Users\somae\.m2\repository\org\springframework\spring-jdbc\7.0.1\spring-jdbc-7.0.1.jar;C:\Users\somae\.m2\repository\org\springframework\boot\spring-boot-starter-webmvc\4.0.0\spring-boot-starter-webmvc-4.0.0.jar;C:\Users\somae\.m2\repository\org\springframework\boot\spring-boot-starter-jackson\4.0.0\spring-boot-starter-jackson-4.0.0.jar;C:\Users\somae\.m2\repository\org\springframework\boot\spring-boot-jackson\4.0.0\spring-boot-jackson-4.0.0.jar;C:\Users\somae\.m2\repository\tools\jackson\core\jackson-databind\3.0.2\jackson-databind-3.0.2.jar;C:\Users\somae\.m2\repository\com\fasterxml\jackson\core\jackson-annotations\2.20\jackson-annotations-2.20.jar;C:\Users\somae\.m2\repository\tools\jackson\core\jackson-core\3.0.2\jackson-core-3.0.2.jar;C:\Users\somae\.m2\repository\org\springframework\boot\spring-boot-starter-tomcat\4.0.0\spring-boot-starter-tomcat-4.0.0.jar;C:\Users\somae\.m2\repository\org\springframework\boot\spring-boot-starter-tomcat-runtime\4.0.0\spring-boot-starter-tomcat-runtime-4.0.0.jar;C:\Users\somae\.m2\repository\org\apache\tomcat\embed\tomcat-embed-core\11.0.14\tomcat-embed-core-11.0.14.jar;C:\Users\somae\.m2\repository\org\apache\tomcat\embed\tomcat-embed-el\11.0.14\tomcat-embed-el-11.0.14.jar;C:\Users\somae\.m2\repository\org\apache\tomcat\embed\tomcat-embed-websocket\11.0.14\tomcat-embed-websocket-11.0.14.jar;C:\Users\somae\.m2\repository\org\springframework\boot\spring-boot-tomcat\4.0.0\spring-boot-tomcat-4.0.0.jar;C:\Users\somae\.m2\repository\org\springframework\boot\spring-boot-http-converter\4.0.0\spring-boot-http-converter-4.0.0.jar;C:\Users\somae\.m2\repository\org\springframework\spring-web\7.0.1\spring-web-7.0.1.jar;C:\Users\somae\.m2\repository\io\micrometer\micrometer-observation\1.16.0\micrometer-observation-1.16.0.jar;C:\Users\somae\.m2\repository\io\micrometer\micrometer-commons\1.16.0\micrometer-commons-1.16.0.jar;C:\Users\somae\.m2\repository\org\springframework\boot\spring-boot-webmvc\4.0.0\spring-boot-webmvc-4.0.0.jar;C:\Users\somae\.m2\repository\org\springframework\boot\spring-boot-servlet\4.0.0\spring-boot-servlet-4.0.0.jar;C:\Users\somae\.m2\repository\org\springframework\spring-webmvc\7.0.1\spring-webmvc-7.0.1.jar;C:\Users\somae\.m2\repository\org\springframework\spring-expression\7.0.1\spring-expression-7.0.1.jar;C:\Users\somae\.m2\repository\org\springframework\boot\spring-boot-devtools\4.0.0\spring-boot-devtools-4.0.0.jar;C:\Users\somae\.m2\repository\org\springframework\boot\spring-boot\4.0.0\spring-boot-4.0.0.jar;C:\Users\somae\.m2\repository\org\springframework\spring-core\7.0.1\spring-core-7.0.1.jar;C:\Users\somae\.m2\repository\commons-logging\commons-logging\1.3.5\commons-logging-1.3.5.jar;C:\Users\somae\.m2\repository\org\jspecify\jspecify\1.0.0\jspecify-1.0.0.jar;C:\Users\somae\.m2\repository\org\springframework\spring-context\7.0.1\spring-context-7.0.1.jar;C:\Users\somae\.m2\repository\org\springframework\boot\spring-boot-autoconfigure\4.0.0\spring-boot-autoconfigure-4.0.0.jar;C:\Users\somae\.m2\repository\org\postgresql\postgresql\42.7.8\postgresql-42.7.8.jar;C:\Users\somae\.m2\repository\org\checkerframework\checker-qual\3.49.5\checker-qual-3.49.5.jar;C:\Users\somae\.m2\repository\jakarta\xml\bind\jakarta.xml.bind-api\4.0.4\jakarta.xml.bind-api-4.0.4.jar;C:\Users\somae\.m2\repository\jakarta\activation\jakarta.activation-api\2.1.4\jakarta.activation-api-2.1.4.jar;C:\Users\somae\.m2\repository\net\bytebuddy\byte-buddy\1.17.8\byte-buddy-1.17.8.jar;C:\Users\somae\.m2\repository\org\springframework\boot\spring-boot-web-server\4.0.0\spring-boot-web-server-4.0.0.jar
Launcher Type: SUN_STANDARD

[Global flags]
     intx CICompilerCount                          = 3                                         {product} {ergonomic}
     uint ConcGCThreads                            = 1                                         {product} {ergonomic}
     uint G1ConcRefinementThreads                  = 4                                         {product} {ergonomic}
   size_t G1HeapRegionSize                         = 1048576                                   {product} {ergonomic}
   size_t InitialHeapSize                          = 130023424                                 {product} {ergonomic}
   size_t MarkStackSize                            = 4194304                                   {product} {ergonomic}
   size_t MarkStackSizeMax                         = 536870912                                 {product} {ergonomic}
   size_t MaxHeapSize                              = 2065694720                                {product} {ergonomic}
   size_t MaxNewSize                               = 1239416832                                {product} {ergonomic}
   size_t MinHeapDeltaBytes                        = 1048576                                   {product} {ergonomic}
   size_t MinHeapSize                              = 8388608                                   {product} {ergonomic}
    uintx NonNMethodCodeHeapSize                   = 5832704                                {pd product} {ergonomic}
    uintx NonProfiledCodeHeapSize                  = 122945536                              {pd product} {ergonomic}
    uintx ProfiledCodeHeapSize                     = 122880000                              {pd product} {ergonomic}
    uintx ReservedCodeCacheSize                    = 251658240                              {pd product} {ergonomic}
     bool SegmentedCodeCache                       = true                                      {product} {ergonomic}
     bool ShowCodeDetailsInExceptionMessages       = true                                   {manageable} {command line}
   size_t SoftMaxHeapSize                          = 2065694720                             {manageable} {ergonomic}
     bool UseCompressedOops                        = true                           {product lp64_product} {ergonomic}
     bool UseG1GC                                  = true                                      {product} {ergonomic}
     bool UseLargePagesIndividualAllocation        = false                                  {pd product} {ergonomic}

Logging:
Log output configuration:
 #0: stdout all=warning uptime,level,tags foldmultilines=false
 #1: stderr all=off uptime,level,tags foldmultilines=false

Environment Variables:
PATH=C:\oracle\product\10.2.0\db_1\bin;C:\Program Files\Common Files\Oracle\Java\javapath;C:\WINDOWS\system32;C:\WINDOWS;C:\WINDOWS\System32\Wbem;C:\WINDOWS\System32\WindowsPowerShell\v1.0\;C:\WINDOWS\System32\OpenSSH\;C:\MinGW\bin;C:\Program Files\MATLAB\R2023a\runtime\win64;C:\Program Files\MATLAB\R2023a\bin;C:\Program Files\dotnet\;C:\Program Files\Git\cmd;C:\Program Files\MySQL\MySQL Server 8.0\bin;C:\Program Files\nodejs\;C:\Program Files\Cloudflare\Cloudflare WARP\;C:\Program Files\MySQL\MySQL Shell 8.0\bin\;C:\Users\somae\AppData\Local\Programs\Python\Python310\Scripts\;C:\Users\somae\AppData\Local\Programs\Python\Python310\;C:\Users\somae\AppData\Local\Microsoft\WindowsApps;C:\Program Files\Java\jdk-20\bin;C:\Program Files\sf\bin;C:\Users\somae\AppData\Local\Programs\Microsoft VS Code\bin;C:\ProgramData\Microsoft\Windows\Start Menu\Programs\MySQL;C:\Users\somae\AppData\Roaming\npm;
USERNAME=CHARAN CHERRY
OS=Windows_NT
PROCESSOR_IDENTIFIER=Intel64 Family 6 Model 126 Stepping 5, GenuineIntel
TMP=C:\Users\somae\AppData\Local\Temp
TEMP=C:\Users\somae\AppData\Local\Temp




Periodic native trim disabled

---------------  S Y S T E M  ---------------

OS:
 Windows 11 , 64 bit Build 26100 (10.0.26100.7309)
OS uptime: 0 days 1:28 hours
Hyper-V role detected

CPU: total 4 (initial active 4) (2 cores per cpu, 2 threads per core) family 6 model 126 stepping 5 microcode 0xbc, cx8, cmov, fxsr, ht, mmx, 3dnowpref, sse, sse2, sse3, ssse3, sse4.1, sse4.2, popcnt, lzcnt, tsc, tscinvbit, avx, avx2, aes, erms, clmul, bmi1, bmi2, adx, avx512f, avx512dq, avx512cd, avx512bw, avx512vl, sha, fma, vzeroupper, avx512_vpopcntdq, avx512_vpclmulqdq, avx512_vaes, avx512_vnni, clflush, clflushopt, avx512_vbmi2, avx512_vbmi, hv, rdtscp, rdpid, fsrm, gfni, avx512_bitalg, f16c, avx512_ifma
Processor Information for processor 0
  Max Mhz: 1201, Current Mhz: 1200, Mhz Limit: 1188
Processor Information for processor 1
  Max Mhz: 1201, Current Mhz: 1000, Mhz Limit: 1188
Processor Information for processor 2
  Max Mhz: 1201, Current Mhz: 1200, Mhz Limit: 1188
Processor Information for processor 3
  Max Mhz: 1201, Current Mhz: 1200, Mhz Limit: 1188

Memory: 4k page, system-wide physical 7879M (1226M free)
TotalPageFile size 11717M (AvailPageFile size 1M)
current process WorkingSet (physical memory assigned to process): 63M, peak: 63M
current process commit charge ("private bytes"): 212M, peak: 212M

vm_info: Java HotSpot(TM) 64-Bit Server VM (24.0.2+12-54) for windows-amd64 JRE (24.0.2+12-54), built on 2025-07-08T12:10:27Z with MS VC++ 17.6 (VS2022)

END.
